INFO: [VRFC 10-2263] Analyzing Verilog file "/home/pixdaq/kdunne/aurora_fmc_one_lane/aurora_fmc_one_lane/aurora_fmc_one_lane.sim/sim_1/synth/timing/xsim/aurora_top_time_synth.v" into library xil_defaultlib
INFO: [VRFC 10-311] analyzing module CFGLUT5_UNIQ_BASE_
INFO: [VRFC 10-311] analyzing module CFGLUT5_HD724
INFO: [VRFC 10-311] analyzing module CFGLUT5_HD725
INFO: [VRFC 10-311] analyzing module CFGLUT5_HD726
INFO: [VRFC 10-311] analyzing module CFGLUT5_HD727
INFO: [VRFC 10-311] analyzing module CFGLUT5_HD728
INFO: [VRFC 10-311] analyzing module CFGLUT5_HD729
INFO: [VRFC 10-311] analyzing module CFGLUT5_HD730
INFO: [VRFC 10-311] analyzing module CFGLUT5_HD731
INFO: [VRFC 10-311] analyzing module CFGLUT5_HD732
INFO: [VRFC 10-311] analyzing module CFGLUT5_HD733
INFO: [VRFC 10-311] analyzing module CFGLUT5_HD734
INFO: [VRFC 10-311] analyzing module CFGLUT5_HD735
INFO: [VRFC 10-311] analyzing module CFGLUT5_HD736
INFO: [VRFC 10-311] analyzing module CFGLUT5_HD737
INFO: [VRFC 10-311] analyzing module CFGLUT5_HD738
INFO: [VRFC 10-311] analyzing module CFGLUT5_HD739
INFO: [VRFC 10-311] analyzing module CFGLUT5_HD740
INFO: [VRFC 10-311] analyzing module CFGLUT5_HD741
INFO: [VRFC 10-311] analyzing module CFGLUT5_HD742
INFO: [VRFC 10-311] analyzing module CFGLUT5_HD743
INFO: [VRFC 10-311] analyzing module CFGLUT5_HD744
INFO: [VRFC 10-311] analyzing module CFGLUT5_HD745
INFO: [VRFC 10-311] analyzing module CFGLUT5_HD746
INFO: [VRFC 10-311] analyzing module CFGLUT5_HD747
INFO: [VRFC 10-311] analyzing module CFGLUT5_HD748
INFO: [VRFC 10-311] analyzing module CFGLUT5_HD749
INFO: [VRFC 10-311] analyzing module CFGLUT5_HD750
INFO: [VRFC 10-311] analyzing module CFGLUT5_HD751
INFO: [VRFC 10-311] analyzing module CFGLUT5_HD752
INFO: [VRFC 10-311] analyzing module CFGLUT5_HD753
INFO: [VRFC 10-311] analyzing module CFGLUT5_HD754
INFO: [VRFC 10-311] analyzing module CFGLUT5_HD755
INFO: [VRFC 10-311] analyzing module CFGLUT5_HD756
INFO: [VRFC 10-311] analyzing module CFGLUT5_HD757
INFO: [VRFC 10-311] analyzing module CFGLUT5_HD758
INFO: [VRFC 10-311] analyzing module CFGLUT5_HD759
INFO: [VRFC 10-311] analyzing module CFGLUT5_HD760
INFO: [VRFC 10-311] analyzing module CFGLUT5_HD761
INFO: [VRFC 10-311] analyzing module CFGLUT5_HD762
INFO: [VRFC 10-311] analyzing module CFGLUT5_HD763
INFO: [VRFC 10-311] analyzing module CFGLUT5_HD764
INFO: [VRFC 10-311] analyzing module CFGLUT5_HD765
INFO: [VRFC 10-311] analyzing module CFGLUT5_HD766
INFO: [VRFC 10-311] analyzing module CFGLUT5_HD767
INFO: [VRFC 10-311] analyzing module CFGLUT5_HD768
INFO: [VRFC 10-311] analyzing module CFGLUT5_HD769
INFO: [VRFC 10-311] analyzing module CFGLUT5_HD770
INFO: [VRFC 10-311] analyzing module CFGLUT5_HD771
INFO: [VRFC 10-311] analyzing module CFGLUT5_HD772
INFO: [VRFC 10-311] analyzing module CFGLUT5_HD773
INFO: [VRFC 10-311] analyzing module CFGLUT5_HD774
INFO: [VRFC 10-311] analyzing module CFGLUT5_HD775
INFO: [VRFC 10-311] analyzing module CFGLUT5_HD776
INFO: [VRFC 10-311] analyzing module CFGLUT5_HD777
INFO: [VRFC 10-311] analyzing module CFGLUT5_HD778
INFO: [VRFC 10-311] analyzing module CFGLUT5_HD779
INFO: [VRFC 10-311] analyzing module CFGLUT5_HD780
INFO: [VRFC 10-311] analyzing module CFGLUT5_HD781
INFO: [VRFC 10-311] analyzing module CFGLUT5_HD782
INFO: [VRFC 10-311] analyzing module CFGLUT5_HD783
INFO: [VRFC 10-311] analyzing module CFGLUT5_HD784
INFO: [VRFC 10-311] analyzing module CFGLUT5_HD785
INFO: [VRFC 10-311] analyzing module CFGLUT5_HD786
INFO: [VRFC 10-311] analyzing module CFGLUT5_HD787
INFO: [VRFC 10-311] analyzing module CFGLUT5_HD788
INFO: [VRFC 10-311] analyzing module CFGLUT5_HD789
INFO: [VRFC 10-311] analyzing module CFGLUT5_HD790
INFO: [VRFC 10-311] analyzing module CFGLUT5_HD791
INFO: [VRFC 10-311] analyzing module CFGLUT5_HD792
INFO: [VRFC 10-311] analyzing module CFGLUT5_HD793
INFO: [VRFC 10-311] analyzing module CFGLUT5_HD794
INFO: [VRFC 10-311] analyzing module CFGLUT5_HD795
INFO: [VRFC 10-311] analyzing module CFGLUT5_HD796
INFO: [VRFC 10-311] analyzing module CFGLUT5_HD797
INFO: [VRFC 10-311] analyzing module CFGLUT5_HD798
INFO: [VRFC 10-311] analyzing module CFGLUT5_HD799
INFO: [VRFC 10-311] analyzing module CFGLUT5_HD800
INFO: [VRFC 10-311] analyzing module CFGLUT5_HD801
INFO: [VRFC 10-311] analyzing module CFGLUT5_HD802
INFO: [VRFC 10-311] analyzing module CFGLUT5_HD803
INFO: [VRFC 10-311] analyzing module CFGLUT5_HD804
INFO: [VRFC 10-311] analyzing module CFGLUT5_HD805
INFO: [VRFC 10-311] analyzing module CFGLUT5_HD806
INFO: [VRFC 10-311] analyzing module CFGLUT5_HD807
INFO: [VRFC 10-311] analyzing module CFGLUT5_HD808
INFO: [VRFC 10-311] analyzing module CFGLUT5_HD809
INFO: [VRFC 10-311] analyzing module CFGLUT5_HD810
INFO: [VRFC 10-311] analyzing module CFGLUT5_HD811
INFO: [VRFC 10-311] analyzing module CFGLUT5_HD812
INFO: [VRFC 10-311] analyzing module CFGLUT5_HD813
INFO: [VRFC 10-311] analyzing module CFGLUT5_HD814
INFO: [VRFC 10-311] analyzing module CFGLUT5_HD815
INFO: [VRFC 10-311] analyzing module CFGLUT5_HD816
INFO: [VRFC 10-311] analyzing module CFGLUT5_HD817
INFO: [VRFC 10-311] analyzing module CFGLUT5_HD818
INFO: [VRFC 10-311] analyzing module CFGLUT5_HD819
INFO: [VRFC 10-311] analyzing module CFGLUT5_HD820
INFO: [VRFC 10-311] analyzing module CFGLUT5_HD821
INFO: [VRFC 10-311] analyzing module CFGLUT5_HD822
INFO: [VRFC 10-311] analyzing module dbg_hub_CV
INFO: [VRFC 10-311] analyzing module u_ila_0_CV
INFO: [VRFC 10-311] analyzing module aurora_top
INFO: [VRFC 10-311] analyzing module bitslip_fsm
INFO: [VRFC 10-311] analyzing module block_sync
INFO: [VRFC 10-311] analyzing module clk_wiz_1
INFO: [VRFC 10-311] analyzing module clk_wiz_1_clk_wiz_1_clk_wiz
INFO: [VRFC 10-311] analyzing module cmd_oserdes
INFO: [VRFC 10-311] analyzing module cmd_oserdes_cmd_oserdes_selectio_wiz
INFO: [VRFC 10-311] analyzing module descrambler
INFO: [VRFC 10-311] analyzing module gearbox32to66
INFO: [VRFC 10-311] analyzing module gearbox66to32
INFO: [VRFC 10-311] analyzing module ila_1
INFO: [VRFC 10-311] analyzing module lcd
INFO: [VRFC 10-311] analyzing module scrambler
INFO: [VRFC 10-311] analyzing module selectio_wiz_0
INFO: [VRFC 10-311] analyzing module selectio_wiz_0_selectio_wiz_0_selectio_wiz
INFO: [VRFC 10-311] analyzing module vio_0
INFO: [VRFC 10-311] analyzing module ila_1_blk_mem_gen_generic_cstr
INFO: [VRFC 10-311] analyzing module ila_1_blk_mem_gen_prim_width
INFO: [VRFC 10-311] analyzing module ila_1_blk_mem_gen_prim_width__parameterized0
INFO: [VRFC 10-311] analyzing module ila_1_blk_mem_gen_prim_width__parameterized1
INFO: [VRFC 10-311] analyzing module ila_1_blk_mem_gen_prim_width__parameterized2
INFO: [VRFC 10-311] analyzing module ila_1_blk_mem_gen_prim_wrapper
INFO: [VRFC 10-311] analyzing module ila_1_blk_mem_gen_prim_wrapper__parameterized0
INFO: [VRFC 10-311] analyzing module ila_1_blk_mem_gen_prim_wrapper__parameterized1
INFO: [VRFC 10-311] analyzing module ila_1_blk_mem_gen_prim_wrapper__parameterized2
INFO: [VRFC 10-311] analyzing module ila_1_blk_mem_gen_top
INFO: [VRFC 10-311] analyzing module ila_1_blk_mem_gen_v8_3_6
INFO: [VRFC 10-311] analyzing module ila_1_blk_mem_gen_v8_3_6_synth
INFO: [VRFC 10-311] analyzing module ila_1_ila_v6_2_5_ila
INFO: [VRFC 10-311] analyzing module ila_1_ila_v6_2_5_ila_cap_addrgen
INFO: [VRFC 10-311] analyzing module ila_1_ila_v6_2_5_ila_cap_ctrl_legacy
INFO: [VRFC 10-311] analyzing module ila_1_ila_v6_2_5_ila_cap_sample_counter
INFO: [VRFC 10-311] analyzing module ila_1_ila_v6_2_5_ila_cap_window_counter
INFO: [VRFC 10-311] analyzing module ila_1_ila_v6_2_5_ila_core
INFO: [VRFC 10-311] analyzing module ila_1_ila_v6_2_5_ila_register
INFO: [VRFC 10-311] analyzing module ila_1_ila_v6_2_5_ila_reset_ctrl
INFO: [VRFC 10-311] analyzing module ila_1_ila_v6_2_5_ila_trace_memory
INFO: [VRFC 10-311] analyzing module ila_1_ila_v6_2_5_ila_trig_match
INFO: [VRFC 10-311] analyzing module ila_1_ila_v6_2_5_ila_trigger
INFO: [VRFC 10-311] analyzing module ila_1_ltlib_v1_0_0_all_typeA
INFO: [VRFC 10-311] analyzing module ila_1_ltlib_v1_0_0_all_typeA_20
INFO: [VRFC 10-311] analyzing module ila_1_ltlib_v1_0_0_all_typeA_22
INFO: [VRFC 10-311] analyzing module ila_1_ltlib_v1_0_0_all_typeA__parameterized0
INFO: [VRFC 10-311] analyzing module ila_1_ltlib_v1_0_0_all_typeA__parameterized0_9
INFO: [VRFC 10-311] analyzing module ila_1_ltlib_v1_0_0_all_typeA__parameterized1
INFO: [VRFC 10-311] analyzing module ila_1_ltlib_v1_0_0_all_typeA__parameterized1_49
INFO: [VRFC 10-311] analyzing module ila_1_ltlib_v1_0_0_all_typeA__parameterized1_57
INFO: [VRFC 10-311] analyzing module ila_1_ltlib_v1_0_0_all_typeA_slice
INFO: [VRFC 10-311] analyzing module ila_1_ltlib_v1_0_0_all_typeA_slice_17
INFO: [VRFC 10-311] analyzing module ila_1_ltlib_v1_0_0_all_typeA_slice_18
INFO: [VRFC 10-311] analyzing module ila_1_ltlib_v1_0_0_all_typeA_slice_21
INFO: [VRFC 10-311] analyzing module ila_1_ltlib_v1_0_0_all_typeA_slice_23
INFO: [VRFC 10-311] analyzing module ila_1_ltlib_v1_0_0_all_typeA_slice__parameterized0
INFO: [VRFC 10-311] analyzing module ila_1_ltlib_v1_0_0_all_typeA_slice__parameterized0_10
INFO: [VRFC 10-311] analyzing module ila_1_ltlib_v1_0_0_all_typeA_slice__parameterized0_11
INFO: [VRFC 10-311] analyzing module ila_1_ltlib_v1_0_0_all_typeA_slice__parameterized0_12
INFO: [VRFC 10-311] analyzing module ila_1_ltlib_v1_0_0_all_typeA_slice__parameterized0_13
INFO: [VRFC 10-311] analyzing module ila_1_ltlib_v1_0_0_all_typeA_slice__parameterized0_14
INFO: [VRFC 10-311] analyzing module ila_1_ltlib_v1_0_0_all_typeA_slice__parameterized0_15
INFO: [VRFC 10-311] analyzing module ila_1_ltlib_v1_0_0_all_typeA_slice__parameterized0_16
INFO: [VRFC 10-311] analyzing module ila_1_ltlib_v1_0_0_all_typeA_slice__parameterized0_2
INFO: [VRFC 10-311] analyzing module ila_1_ltlib_v1_0_0_all_typeA_slice__parameterized0_3
INFO: [VRFC 10-311] analyzing module ila_1_ltlib_v1_0_0_all_typeA_slice__parameterized0_4
INFO: [VRFC 10-311] analyzing module ila_1_ltlib_v1_0_0_all_typeA_slice__parameterized0_5
INFO: [VRFC 10-311] analyzing module ila_1_ltlib_v1_0_0_all_typeA_slice__parameterized0_6
INFO: [VRFC 10-311] analyzing module ila_1_ltlib_v1_0_0_all_typeA_slice__parameterized0_7
INFO: [VRFC 10-311] analyzing module ila_1_ltlib_v1_0_0_all_typeA_slice__parameterized1
INFO: [VRFC 10-311] analyzing module ila_1_ltlib_v1_0_0_all_typeA_slice__parameterized1_50
INFO: [VRFC 10-311] analyzing module ila_1_ltlib_v1_0_0_all_typeA_slice__parameterized1_58
INFO: [VRFC 10-311] analyzing module ila_1_ltlib_v1_0_0_all_typeA_slice__parameterized2
INFO: [VRFC 10-311] analyzing module ila_1_ltlib_v1_0_0_all_typeA_slice__parameterized2_51
INFO: [VRFC 10-311] analyzing module ila_1_ltlib_v1_0_0_all_typeA_slice__parameterized2_59
INFO: [VRFC 10-311] analyzing module ila_1_ltlib_v1_0_0_allx_typeA
INFO: [VRFC 10-311] analyzing module ila_1_ltlib_v1_0_0_allx_typeA__parameterized0
INFO: [VRFC 10-311] analyzing module ila_1_ltlib_v1_0_0_allx_typeA__parameterized0_19
INFO: [VRFC 10-311] analyzing module ila_1_ltlib_v1_0_0_allx_typeA__parameterized1
INFO: [VRFC 10-311] analyzing module ila_1_ltlib_v1_0_0_allx_typeA__parameterized1_8
INFO: [VRFC 10-311] analyzing module ila_1_ltlib_v1_0_0_allx_typeA_nodelay
INFO: [VRFC 10-311] analyzing module ila_1_ltlib_v1_0_0_allx_typeA_nodelay_48
INFO: [VRFC 10-311] analyzing module ila_1_ltlib_v1_0_0_allx_typeA_nodelay_56
INFO: [VRFC 10-311] analyzing module ila_1_ltlib_v1_0_0_async_edge_xfer
INFO: [VRFC 10-311] analyzing module ila_1_ltlib_v1_0_0_async_edge_xfer_24
INFO: [VRFC 10-311] analyzing module ila_1_ltlib_v1_0_0_async_edge_xfer_25
INFO: [VRFC 10-311] analyzing module ila_1_ltlib_v1_0_0_async_edge_xfer_26
INFO: [VRFC 10-311] analyzing module ila_1_ltlib_v1_0_0_cfglut4
INFO: [VRFC 10-311] analyzing module ila_1_ltlib_v1_0_0_cfglut4_52
INFO: [VRFC 10-311] analyzing module ila_1_ltlib_v1_0_0_cfglut5
INFO: [VRFC 10-311] analyzing module ila_1_ltlib_v1_0_0_cfglut5_46
INFO: [VRFC 10-311] analyzing module ila_1_ltlib_v1_0_0_cfglut5_53
INFO: [VRFC 10-311] analyzing module ila_1_ltlib_v1_0_0_cfglut6
INFO: [VRFC 10-311] analyzing module ila_1_ltlib_v1_0_0_cfglut6_54
INFO: [VRFC 10-311] analyzing module ila_1_ltlib_v1_0_0_cfglut6__parameterized0
INFO: [VRFC 10-311] analyzing module ila_1_ltlib_v1_0_0_cfglut7
INFO: [VRFC 10-311] analyzing module ila_1_ltlib_v1_0_0_cfglut7_45
INFO: [VRFC 10-311] analyzing module ila_1_ltlib_v1_0_0_generic_memrd
INFO: [VRFC 10-311] analyzing module ila_1_ltlib_v1_0_0_match
INFO: [VRFC 10-311] analyzing module ila_1_ltlib_v1_0_0_match__parameterized0
INFO: [VRFC 10-311] analyzing module ila_1_ltlib_v1_0_0_match__parameterized0_0
INFO: [VRFC 10-311] analyzing module ila_1_ltlib_v1_0_0_match__parameterized1
INFO: [VRFC 10-311] analyzing module ila_1_ltlib_v1_0_0_match__parameterized1_1
INFO: [VRFC 10-311] analyzing module ila_1_ltlib_v1_0_0_match_nodelay
INFO: [VRFC 10-311] analyzing module ila_1_ltlib_v1_0_0_match_nodelay_47
INFO: [VRFC 10-311] analyzing module ila_1_ltlib_v1_0_0_match_nodelay_55
INFO: [VRFC 10-311] analyzing module ila_1_ltlib_v1_0_0_rising_edge_detection
INFO: [VRFC 10-311] analyzing module ila_1_ltlib_v1_0_0_rising_edge_detection_27
INFO: [VRFC 10-311] analyzing module ila_1_xsdbs_v1_0_2_reg__parameterized17
INFO: [VRFC 10-311] analyzing module ila_1_xsdbs_v1_0_2_reg__parameterized18
INFO: [VRFC 10-311] analyzing module ila_1_xsdbs_v1_0_2_reg__parameterized19
INFO: [VRFC 10-311] analyzing module ila_1_xsdbs_v1_0_2_reg__parameterized20
INFO: [VRFC 10-311] analyzing module ila_1_xsdbs_v1_0_2_reg__parameterized32
INFO: [VRFC 10-311] analyzing module ila_1_xsdbs_v1_0_2_reg__parameterized33
INFO: [VRFC 10-311] analyzing module ila_1_xsdbs_v1_0_2_reg__parameterized34
INFO: [VRFC 10-311] analyzing module ila_1_xsdbs_v1_0_2_reg__parameterized35
INFO: [VRFC 10-311] analyzing module ila_1_xsdbs_v1_0_2_reg__parameterized36
INFO: [VRFC 10-311] analyzing module ila_1_xsdbs_v1_0_2_reg__parameterized37
INFO: [VRFC 10-311] analyzing module ila_1_xsdbs_v1_0_2_reg__parameterized38
INFO: [VRFC 10-311] analyzing module ila_1_xsdbs_v1_0_2_reg__parameterized39
INFO: [VRFC 10-311] analyzing module ila_1_xsdbs_v1_0_2_reg__parameterized40
INFO: [VRFC 10-311] analyzing module ila_1_xsdbs_v1_0_2_reg__parameterized41
INFO: [VRFC 10-311] analyzing module ila_1_xsdbs_v1_0_2_reg__parameterized42
INFO: [VRFC 10-311] analyzing module ila_1_xsdbs_v1_0_2_reg__parameterized43
INFO: [VRFC 10-311] analyzing module ila_1_xsdbs_v1_0_2_reg__parameterized45
INFO: [VRFC 10-311] analyzing module ila_1_xsdbs_v1_0_2_reg__parameterized47
INFO: [VRFC 10-311] analyzing module ila_1_xsdbs_v1_0_2_reg__parameterized50
INFO: [VRFC 10-311] analyzing module ila_1_xsdbs_v1_0_2_reg_ctl
INFO: [VRFC 10-311] analyzing module ila_1_xsdbs_v1_0_2_reg_ctl_31
INFO: [VRFC 10-311] analyzing module ila_1_xsdbs_v1_0_2_reg_ctl_32
INFO: [VRFC 10-311] analyzing module ila_1_xsdbs_v1_0_2_reg_ctl_33
INFO: [VRFC 10-311] analyzing module ila_1_xsdbs_v1_0_2_reg_ctl_34
INFO: [VRFC 10-311] analyzing module ila_1_xsdbs_v1_0_2_reg_ctl_37
INFO: [VRFC 10-311] analyzing module ila_1_xsdbs_v1_0_2_reg_ctl_39
INFO: [VRFC 10-311] analyzing module ila_1_xsdbs_v1_0_2_reg_ctl_40
INFO: [VRFC 10-311] analyzing module ila_1_xsdbs_v1_0_2_reg_ctl_41
INFO: [VRFC 10-311] analyzing module ila_1_xsdbs_v1_0_2_reg_ctl_42
INFO: [VRFC 10-311] analyzing module ila_1_xsdbs_v1_0_2_reg_ctl_43
INFO: [VRFC 10-311] analyzing module ila_1_xsdbs_v1_0_2_reg_ctl__parameterized0
INFO: [VRFC 10-311] analyzing module ila_1_xsdbs_v1_0_2_reg_ctl__parameterized1
INFO: [VRFC 10-311] analyzing module ila_1_xsdbs_v1_0_2_reg_ctl__parameterized1_35
INFO: [VRFC 10-311] analyzing module ila_1_xsdbs_v1_0_2_reg_ctl__parameterized1_38
INFO: [VRFC 10-311] analyzing module ila_1_xsdbs_v1_0_2_reg_p2s
INFO: [VRFC 10-311] analyzing module ila_1_xsdbs_v1_0_2_reg_p2s__parameterized0
INFO: [VRFC 10-311] analyzing module ila_1_xsdbs_v1_0_2_reg_p2s__parameterized1
INFO: [VRFC 10-311] analyzing module ila_1_xsdbs_v1_0_2_reg_p2s__parameterized2
INFO: [VRFC 10-311] analyzing module ila_1_xsdbs_v1_0_2_reg_p2s__parameterized3
INFO: [VRFC 10-311] analyzing module ila_1_xsdbs_v1_0_2_reg_p2s__parameterized4
INFO: [VRFC 10-311] analyzing module ila_1_xsdbs_v1_0_2_reg_stat
INFO: [VRFC 10-311] analyzing module ila_1_xsdbs_v1_0_2_reg_stat_28
INFO: [VRFC 10-311] analyzing module ila_1_xsdbs_v1_0_2_reg_stat_29
INFO: [VRFC 10-311] analyzing module ila_1_xsdbs_v1_0_2_reg_stat_30
INFO: [VRFC 10-311] analyzing module ila_1_xsdbs_v1_0_2_reg_stat_36
INFO: [VRFC 10-311] analyzing module ila_1_xsdbs_v1_0_2_reg_stat_44
INFO: [VRFC 10-311] analyzing module ila_1_xsdbs_v1_0_2_reg_stream
INFO: [VRFC 10-311] analyzing module ila_1_xsdbs_v1_0_2_reg_stream__parameterized0
INFO: [VRFC 10-311] analyzing module ila_1_xsdbs_v1_0_2_xsdbs
INFO: [VRFC 10-311] analyzing module vio_0_vio_v3_0_17_decoder
INFO: [VRFC 10-311] analyzing module vio_0_vio_v3_0_17_probe_out_all
INFO: [VRFC 10-311] analyzing module vio_0_vio_v3_0_17_probe_out_one
INFO: [VRFC 10-311] analyzing module vio_0_vio_v3_0_17_probe_out_one_0
INFO: [VRFC 10-311] analyzing module vio_0_vio_v3_0_17_probe_out_one_1
INFO: [VRFC 10-311] analyzing module vio_0_vio_v3_0_17_probe_out_one_2
INFO: [VRFC 10-311] analyzing module vio_0_vio_v3_0_17_vio
INFO: [VRFC 10-311] analyzing module vio_0_xsdbs_v1_0_2_xsdbs
INFO: [VRFC 10-311] analyzing module glbl
