Vivado Simulator 2017.4
Copyright 1986-1999, 2001-2016 Xilinx, Inc. All Rights Reserved.
Running: /opt/Xilinx/Vivado/2017.4/bin/unwrapped/lnx64.o/xelab -wto f2c5c7ccd81747e48a98fd8dfe784899 --incr --debug typical --relax --mt 8 --maxdelay -L xil_defaultlib -L simprims_ver -L secureip --snapshot aurora_top_time_synth -transport_int_delays -pulse_r 0 -pulse_int_r 0 -pulse_e 0 -pulse_int_e 0 xil_defaultlib.aurora_top xil_defaultlib.glbl -log elaborate.log 
Using 8 slave threads.
Starting static elaboration
Completed static elaboration
Starting simulation data flow analysis
Completed simulation data flow analysis
INFO: [XSIM 43-3451] SDF backannotation process started with SDF file "aurora_top_time_synth.sdf", for root module "aurora_top".
INFO: [XSIM 43-3452] SDF backannotation was successful for SDF file "aurora_top_time_synth.sdf", for root module "aurora_top".
Time Resolution for simulation is 1ps
Compiling module simprims_ver.OBUF
Compiling module simprims_ver.LUT6
Compiling module simprims_ver.LUT4
Compiling module simprims_ver.LUT5
Compiling module simprims_ver.x_lut3_mux8
Compiling module simprims_ver.LUT3
Compiling module simprims_ver.FDSE_default
Compiling module simprims_ver.FDRE_default
Compiling module simprims_ver.x_lut2_mux4
Compiling module simprims_ver.LUT2
Compiling module simprims_ver.x_lut1_mux2
Compiling module simprims_ver.LUT1
Compiling module simprims_ver.CARRY4
Compiling module xil_defaultlib.block_sync
Compiling module xil_defaultlib.bitslip_fsm
Compiling module xil_defaultlib.dbg_hub_CV
Compiling module simprims_ver.IDELAYCTRL_default
Compiling module simprims_ver.IBUFDS
Compiling module simprims_ver.IDELAYE2(IDELAY_TYPE="VARIABLE",...
Compiling secureip modules ...
Compiling module simprims_ver.ISERDESE2(DATA_RATE="SDR",DATA_W...
Compiling module simprims_ver.BUFG
Compiling module xil_defaultlib.selectio_wiz_0_selectio_wiz_0_se...
Compiling module xil_defaultlib.selectio_wiz_0
Compiling module simprims_ver.GND
Compiling module simprims_ver.FDRE(XON="FALSE")
Compiling module simprims_ver.RB36_INTERNAL_VLOG(DOA_REG=1,DOB...
Compiling module simprims_ver.RAMB36E1(DOA_REG=1,DOB_REG=1,REA...
Compiling module xil_defaultlib.ila_1_blk_mem_gen_prim_wrapper
Compiling module xil_defaultlib.ila_1_blk_mem_gen_prim_width
Compiling module xil_defaultlib.ila_1_blk_mem_gen_prim_wrapper__...
Compiling module xil_defaultlib.ila_1_blk_mem_gen_prim_width__pa...
Compiling module xil_defaultlib.ila_1_blk_mem_gen_prim_wrapper__...
Compiling module xil_defaultlib.ila_1_blk_mem_gen_prim_width__pa...
Compiling module xil_defaultlib.ila_1_blk_mem_gen_prim_wrapper__...
Compiling module xil_defaultlib.ila_1_blk_mem_gen_prim_width__pa...
Compiling module xil_defaultlib.ila_1_blk_mem_gen_generic_cstr
Compiling module xil_defaultlib.ila_1_blk_mem_gen_top
Compiling module xil_defaultlib.ila_1_blk_mem_gen_v8_3_6_synth
Compiling module xil_defaultlib.ila_1_blk_mem_gen_v8_3_6
Compiling module xil_defaultlib.ila_1_ila_v6_2_5_ila_trace_memor...
Compiling module simprims_ver.SRL16E_default
Compiling module simprims_ver.SRLC32E_default
Compiling module xil_defaultlib.ila_1_ltlib_v1_0_0_cfglut6__para...
Compiling module xil_defaultlib.ila_1_ltlib_v1_0_0_cfglut7
Compiling module xil_defaultlib.ila_1_ltlib_v1_0_0_cfglut7_45
Compiling module xil_defaultlib.ila_1_ltlib_v1_0_0_cfglut6
Compiling module simprims_ver.SRLC16E_default
Compiling module xil_defaultlib.ila_1_ltlib_v1_0_0_cfglut4_52
Compiling module xil_defaultlib.ila_1_ltlib_v1_0_0_cfglut5_53
Compiling module xil_defaultlib.ila_1_ltlib_v1_0_0_cfglut6_54
Compiling module xil_defaultlib.CFGLUT5_UNIQ_BASE_
Compiling module xil_defaultlib.CFGLUT5_HD724
Compiling module xil_defaultlib.CFGLUT5_HD725
Compiling module xil_defaultlib.CFGLUT5_HD726
Compiling module xil_defaultlib.ila_1_ltlib_v1_0_0_all_typeA_sli...
Compiling module xil_defaultlib.CFGLUT5_HD727
Compiling module xil_defaultlib.CFGLUT5_HD728
Compiling module xil_defaultlib.CFGLUT5_HD729
Compiling module xil_defaultlib.CFGLUT5_HD730
Compiling module xil_defaultlib.ila_1_ltlib_v1_0_0_all_typeA_sli...
Compiling module xil_defaultlib.ila_1_ltlib_v1_0_0_all_typeA__pa...
Compiling module xil_defaultlib.ila_1_ltlib_v1_0_0_allx_typeA_no...
Compiling module xil_defaultlib.ila_1_ltlib_v1_0_0_match_nodelay...
Compiling module xil_defaultlib.ila_1_ila_v6_2_5_ila_cap_sample_...
Compiling module xil_defaultlib.ila_1_ltlib_v1_0_0_cfglut4
Compiling module xil_defaultlib.ila_1_ltlib_v1_0_0_cfglut5
Compiling module xil_defaultlib.ila_1_ltlib_v1_0_0_cfglut5_46
Compiling module xil_defaultlib.CFGLUT5_HD731
Compiling module xil_defaultlib.CFGLUT5_HD732
Compiling module xil_defaultlib.CFGLUT5_HD733
Compiling module xil_defaultlib.CFGLUT5_HD734
Compiling module xil_defaultlib.ila_1_ltlib_v1_0_0_all_typeA_sli...
Compiling module xil_defaultlib.CFGLUT5_HD735
Compiling module xil_defaultlib.CFGLUT5_HD736
Compiling module xil_defaultlib.CFGLUT5_HD737
Compiling module xil_defaultlib.CFGLUT5_HD738
Compiling module xil_defaultlib.ila_1_ltlib_v1_0_0_all_typeA_sli...
Compiling module xil_defaultlib.ila_1_ltlib_v1_0_0_all_typeA__pa...
Compiling module xil_defaultlib.ila_1_ltlib_v1_0_0_allx_typeA_no...
Compiling module xil_defaultlib.ila_1_ltlib_v1_0_0_match_nodelay
Compiling module xil_defaultlib.CFGLUT5_HD739
Compiling module xil_defaultlib.CFGLUT5_HD740
Compiling module xil_defaultlib.CFGLUT5_HD741
Compiling module xil_defaultlib.CFGLUT5_HD742
Compiling module xil_defaultlib.ila_1_ltlib_v1_0_0_all_typeA_sli...
Compiling module xil_defaultlib.CFGLUT5_HD743
Compiling module xil_defaultlib.CFGLUT5_HD744
Compiling module xil_defaultlib.CFGLUT5_HD745
Compiling module xil_defaultlib.CFGLUT5_HD746
Compiling module xil_defaultlib.ila_1_ltlib_v1_0_0_all_typeA_sli...
Compiling module xil_defaultlib.ila_1_ltlib_v1_0_0_all_typeA__pa...
Compiling module xil_defaultlib.ila_1_ltlib_v1_0_0_allx_typeA_no...
Compiling module xil_defaultlib.ila_1_ltlib_v1_0_0_match_nodelay...
Compiling module xil_defaultlib.ila_1_ila_v6_2_5_ila_cap_window_...
Compiling module xil_defaultlib.ila_1_ila_v6_2_5_ila_cap_addrgen
Compiling module xil_defaultlib.ila_1_ila_v6_2_5_ila_cap_ctrl_le...
Compiling module xil_defaultlib.ila_1_xsdbs_v1_0_2_reg_p2s
Compiling module xil_defaultlib.ila_1_xsdbs_v1_0_2_reg_p2s__para...
Compiling module xil_defaultlib.ila_1_xsdbs_v1_0_2_reg_p2s__para...
Compiling module xil_defaultlib.ila_1_xsdbs_v1_0_2_reg_p2s__para...
Compiling module xil_defaultlib.ila_1_xsdbs_v1_0_2_reg_p2s__para...
Compiling module simprims_ver.MUXF7
Compiling module simprims_ver.FDRE(INIT=1'b1)
Compiling module xil_defaultlib.ila_1_xsdbs_v1_0_2_xsdbs
Compiling module xil_defaultlib.ila_1_xsdbs_v1_0_2_reg_ctl_43
Compiling module xil_defaultlib.ila_1_xsdbs_v1_0_2_reg__paramete...
Compiling module xil_defaultlib.ila_1_xsdbs_v1_0_2_reg_ctl_42
Compiling module xil_defaultlib.ila_1_xsdbs_v1_0_2_reg__paramete...
Compiling module xil_defaultlib.ila_1_xsdbs_v1_0_2_reg_ctl_41
Compiling module xil_defaultlib.ila_1_xsdbs_v1_0_2_reg__paramete...
Compiling module xil_defaultlib.ila_1_xsdbs_v1_0_2_reg_ctl_40
Compiling module xil_defaultlib.ila_1_xsdbs_v1_0_2_reg__paramete...
Compiling module xil_defaultlib.ila_1_xsdbs_v1_0_2_reg_ctl_39
Compiling module xil_defaultlib.ila_1_xsdbs_v1_0_2_reg__paramete...
Compiling module xil_defaultlib.ila_1_xsdbs_v1_0_2_reg_ctl__para...
Compiling module xil_defaultlib.ila_1_xsdbs_v1_0_2_reg__paramete...
Compiling module xil_defaultlib.ila_1_xsdbs_v1_0_2_reg_ctl_37
Compiling module xil_defaultlib.ila_1_xsdbs_v1_0_2_reg__paramete...
Compiling module xil_defaultlib.ila_1_xsdbs_v1_0_2_reg_ctl__para...
Compiling module xil_defaultlib.ila_1_xsdbs_v1_0_2_reg__paramete...
Compiling module xil_defaultlib.ila_1_xsdbs_v1_0_2_reg_stat_36
Compiling module xil_defaultlib.ila_1_xsdbs_v1_0_2_reg__paramete...
Compiling module xil_defaultlib.ila_1_xsdbs_v1_0_2_reg_ctl__para...
Compiling module xil_defaultlib.ila_1_xsdbs_v1_0_2_reg__paramete...
Compiling module xil_defaultlib.ila_1_xsdbs_v1_0_2_reg_ctl_34
Compiling module xil_defaultlib.ila_1_xsdbs_v1_0_2_reg__paramete...
Compiling module xil_defaultlib.ila_1_xsdbs_v1_0_2_reg_ctl__para...
Compiling module xil_defaultlib.ila_1_xsdbs_v1_0_2_reg__paramete...
Compiling module xil_defaultlib.ila_1_xsdbs_v1_0_2_reg_ctl_33
Compiling module xil_defaultlib.ila_1_xsdbs_v1_0_2_reg__paramete...
Compiling module xil_defaultlib.ila_1_xsdbs_v1_0_2_reg_ctl_32
Compiling module xil_defaultlib.ila_1_xsdbs_v1_0_2_reg__paramete...
Compiling module xil_defaultlib.ila_1_xsdbs_v1_0_2_reg_ctl_31
Compiling module xil_defaultlib.ila_1_xsdbs_v1_0_2_reg__paramete...
Compiling module xil_defaultlib.ila_1_xsdbs_v1_0_2_reg_stat_30
Compiling module xil_defaultlib.ila_1_xsdbs_v1_0_2_reg__paramete...
Compiling module xil_defaultlib.ila_1_xsdbs_v1_0_2_reg_stat_29
Compiling module xil_defaultlib.ila_1_xsdbs_v1_0_2_reg__paramete...
Compiling module xil_defaultlib.ila_1_xsdbs_v1_0_2_reg_stat_44
Compiling module xil_defaultlib.ila_1_xsdbs_v1_0_2_reg__paramete...
Compiling module xil_defaultlib.ila_1_xsdbs_v1_0_2_reg_stat_28
Compiling module xil_defaultlib.ila_1_xsdbs_v1_0_2_reg__paramete...
Compiling module xil_defaultlib.ila_1_xsdbs_v1_0_2_reg_p2s__para...
Compiling module xil_defaultlib.ila_1_xsdbs_v1_0_2_reg_ctl
Compiling module xil_defaultlib.ila_1_xsdbs_v1_0_2_reg_stream
Compiling module xil_defaultlib.ila_1_xsdbs_v1_0_2_reg_stat
Compiling module xil_defaultlib.ila_1_xsdbs_v1_0_2_reg_stream__p...
Compiling module xil_defaultlib.ila_1_ila_v6_2_5_ila_register
Compiling module xil_defaultlib.ila_1_ltlib_v1_0_0_rising_edge_d...
Compiling module xil_defaultlib.ila_1_ltlib_v1_0_0_async_edge_xf...
Compiling module xil_defaultlib.ila_1_ltlib_v1_0_0_async_edge_xf...
Compiling module xil_defaultlib.ila_1_ltlib_v1_0_0_async_edge_xf...
Compiling module xil_defaultlib.ila_1_ltlib_v1_0_0_async_edge_xf...
Compiling module xil_defaultlib.ila_1_ltlib_v1_0_0_rising_edge_d...
Compiling module xil_defaultlib.ila_1_ila_v6_2_5_ila_reset_ctrl
Compiling module xil_defaultlib.CFGLUT5_HD747
Compiling module xil_defaultlib.CFGLUT5_HD748
Compiling module xil_defaultlib.CFGLUT5_HD749
Compiling module xil_defaultlib.CFGLUT5_HD750
Compiling module xil_defaultlib.ila_1_ltlib_v1_0_0_all_typeA_sli...
Compiling module xil_defaultlib.ila_1_ltlib_v1_0_0_all_typeA_22
Compiling module xil_defaultlib.ila_1_ltlib_v1_0_0_allx_typeA
Compiling module xil_defaultlib.ila_1_ltlib_v1_0_0_match
Compiling module xil_defaultlib.CFGLUT5_HD751
Compiling module xil_defaultlib.CFGLUT5_HD752
Compiling module xil_defaultlib.CFGLUT5_HD753
Compiling module xil_defaultlib.CFGLUT5_HD754
Compiling module xil_defaultlib.ila_1_ltlib_v1_0_0_all_typeA_sli...
Compiling module xil_defaultlib.ila_1_ltlib_v1_0_0_all_typeA_20
Compiling module xil_defaultlib.ila_1_ltlib_v1_0_0_allx_typeA__p...
Compiling module xil_defaultlib.ila_1_ltlib_v1_0_0_match__parame...
Compiling module xil_defaultlib.CFGLUT5_HD755
Compiling module xil_defaultlib.CFGLUT5_HD756
Compiling module xil_defaultlib.CFGLUT5_HD757
Compiling module xil_defaultlib.CFGLUT5_HD758
Compiling module xil_defaultlib.ila_1_ltlib_v1_0_0_all_typeA_sli...
Compiling module xil_defaultlib.ila_1_ltlib_v1_0_0_all_typeA
Compiling module xil_defaultlib.ila_1_ltlib_v1_0_0_allx_typeA__p...
Compiling module xil_defaultlib.ila_1_ltlib_v1_0_0_match__parame...
Compiling module xil_defaultlib.CFGLUT5_HD759
Compiling module xil_defaultlib.CFGLUT5_HD760
Compiling module xil_defaultlib.CFGLUT5_HD761
Compiling module xil_defaultlib.CFGLUT5_HD762
Compiling module xil_defaultlib.ila_1_ltlib_v1_0_0_all_typeA_sli...
Compiling module xil_defaultlib.CFGLUT5_HD763
Compiling module xil_defaultlib.CFGLUT5_HD764
Compiling module xil_defaultlib.CFGLUT5_HD765
Compiling module xil_defaultlib.CFGLUT5_HD766
Compiling module xil_defaultlib.ila_1_ltlib_v1_0_0_all_typeA_sli...
Compiling module xil_defaultlib.CFGLUT5_HD767
Compiling module xil_defaultlib.CFGLUT5_HD768
Compiling module xil_defaultlib.CFGLUT5_HD769
Compiling module xil_defaultlib.CFGLUT5_HD770
Compiling module xil_defaultlib.ila_1_ltlib_v1_0_0_all_typeA_sli...
Compiling module xil_defaultlib.CFGLUT5_HD771
Compiling module xil_defaultlib.CFGLUT5_HD772
Compiling module xil_defaultlib.CFGLUT5_HD773
Compiling module xil_defaultlib.CFGLUT5_HD774
Compiling module xil_defaultlib.ila_1_ltlib_v1_0_0_all_typeA_sli...
Compiling module xil_defaultlib.CFGLUT5_HD775
Compiling module xil_defaultlib.CFGLUT5_HD776
Compiling module xil_defaultlib.CFGLUT5_HD777
Compiling module xil_defaultlib.CFGLUT5_HD778
Compiling module xil_defaultlib.ila_1_ltlib_v1_0_0_all_typeA_sli...
Compiling module xil_defaultlib.CFGLUT5_HD779
Compiling module xil_defaultlib.CFGLUT5_HD780
Compiling module xil_defaultlib.CFGLUT5_HD781
Compiling module xil_defaultlib.CFGLUT5_HD782
Compiling module xil_defaultlib.ila_1_ltlib_v1_0_0_all_typeA_sli...
Compiling module xil_defaultlib.CFGLUT5_HD783
Compiling module xil_defaultlib.CFGLUT5_HD784
Compiling module xil_defaultlib.CFGLUT5_HD785
Compiling module xil_defaultlib.CFGLUT5_HD786
Compiling module xil_defaultlib.ila_1_ltlib_v1_0_0_all_typeA_sli...
Compiling module xil_defaultlib.CFGLUT5_HD787
Compiling module xil_defaultlib.CFGLUT5_HD788
Compiling module xil_defaultlib.CFGLUT5_HD789
Compiling module xil_defaultlib.CFGLUT5_HD790
Compiling module xil_defaultlib.ila_1_ltlib_v1_0_0_all_typeA_sli...
Compiling module xil_defaultlib.ila_1_ltlib_v1_0_0_all_typeA__pa...
Compiling module xil_defaultlib.ila_1_ltlib_v1_0_0_allx_typeA__p...
Compiling module xil_defaultlib.ila_1_ltlib_v1_0_0_match__parame...
Compiling module xil_defaultlib.CFGLUT5_HD791
Compiling module xil_defaultlib.CFGLUT5_HD792
Compiling module xil_defaultlib.CFGLUT5_HD793
Compiling module xil_defaultlib.CFGLUT5_HD794
Compiling module xil_defaultlib.ila_1_ltlib_v1_0_0_all_typeA_sli...
Compiling module xil_defaultlib.CFGLUT5_HD795
Compiling module xil_defaultlib.CFGLUT5_HD796
Compiling module xil_defaultlib.CFGLUT5_HD797
Compiling module xil_defaultlib.CFGLUT5_HD798
Compiling module xil_defaultlib.ila_1_ltlib_v1_0_0_all_typeA_sli...
Compiling module xil_defaultlib.CFGLUT5_HD799
Compiling module xil_defaultlib.CFGLUT5_HD800
Compiling module xil_defaultlib.CFGLUT5_HD801
Compiling module xil_defaultlib.CFGLUT5_HD802
Compiling module xil_defaultlib.ila_1_ltlib_v1_0_0_all_typeA_sli...
Compiling module xil_defaultlib.CFGLUT5_HD803
Compiling module xil_defaultlib.CFGLUT5_HD804
Compiling module xil_defaultlib.CFGLUT5_HD805
Compiling module xil_defaultlib.CFGLUT5_HD806
Compiling module xil_defaultlib.ila_1_ltlib_v1_0_0_all_typeA_sli...
Compiling module xil_defaultlib.CFGLUT5_HD807
Compiling module xil_defaultlib.CFGLUT5_HD808
Compiling module xil_defaultlib.CFGLUT5_HD809
Compiling module xil_defaultlib.CFGLUT5_HD810
Compiling module xil_defaultlib.ila_1_ltlib_v1_0_0_all_typeA_sli...
Compiling module xil_defaultlib.CFGLUT5_HD811
Compiling module xil_defaultlib.CFGLUT5_HD812
Compiling module xil_defaultlib.CFGLUT5_HD813
Compiling module xil_defaultlib.CFGLUT5_HD814
Compiling module xil_defaultlib.ila_1_ltlib_v1_0_0_all_typeA_sli...
Compiling module xil_defaultlib.CFGLUT5_HD815
Compiling module xil_defaultlib.CFGLUT5_HD816
Compiling module xil_defaultlib.CFGLUT5_HD817
Compiling module xil_defaultlib.CFGLUT5_HD818
Compiling module xil_defaultlib.ila_1_ltlib_v1_0_0_all_typeA_sli...
Compiling module xil_defaultlib.CFGLUT5_HD819
Compiling module xil_defaultlib.CFGLUT5_HD820
Compiling module xil_defaultlib.CFGLUT5_HD821
Compiling module xil_defaultlib.CFGLUT5_HD822
Compiling module xil_defaultlib.ila_1_ltlib_v1_0_0_all_typeA_sli...
Compiling module xil_defaultlib.ila_1_ltlib_v1_0_0_all_typeA__pa...
Compiling module xil_defaultlib.ila_1_ltlib_v1_0_0_allx_typeA__p...
Compiling module xil_defaultlib.ila_1_ltlib_v1_0_0_match__parame...
Compiling module xil_defaultlib.ila_1_ila_v6_2_5_ila_trig_match
Compiling module xil_defaultlib.ila_1_ila_v6_2_5_ila_trigger
Compiling module xil_defaultlib.ila_1_ltlib_v1_0_0_generic_memrd
Compiling module xil_defaultlib.ila_1_ila_v6_2_5_ila_core
Compiling module xil_defaultlib.ila_1_ila_v6_2_5_ila
Compiling module xil_defaultlib.ila_1
Compiling module simprims_ver.FDCE_default
Compiling module simprims_ver.FDPE_default
Compiling module xil_defaultlib.lcd
Compiling module simprims_ver.OBUFDS
Compiling secureip modules ...
Compiling module simprims_ver.OSERDESE2(DATA_RATE_OQ="SDR",DAT...
Compiling module xil_defaultlib.cmd_oserdes_cmd_oserdes_selectio...
Compiling module xil_defaultlib.cmd_oserdes
Compiling module simprims_ver.MMCME2_ADV(BANDWIDTH="HIGH",CLKF...
Compiling module xil_defaultlib.clk_wiz_1_clk_wiz_1_clk_wiz
Compiling module xil_defaultlib.clk_wiz_1
Compiling module simprims_ver.IBUF
Compiling module xil_defaultlib.gearbox32to66
Compiling module xil_defaultlib.scrambler
Compiling module xil_defaultlib.gearbox66to32
Compiling module xil_defaultlib.u_ila_0_CV
Compiling module xil_defaultlib.descrambler
Compiling module xil_defaultlib.vio_0_vio_v3_0_17_decoder
Compiling module xil_defaultlib.vio_0_vio_v3_0_17_probe_out_one
Compiling module xil_defaultlib.vio_0_vio_v3_0_17_probe_out_one_...
Compiling module xil_defaultlib.vio_0_vio_v3_0_17_probe_out_one_...
Compiling module xil_defaultlib.vio_0_vio_v3_0_17_probe_out_one_...
Compiling module xil_defaultlib.vio_0_vio_v3_0_17_probe_out_all
Compiling module xil_defaultlib.vio_0_xsdbs_v1_0_2_xsdbs
Compiling module xil_defaultlib.vio_0_vio_v3_0_17_vio
Compiling module xil_defaultlib.vio_0
Compiling module xil_defaultlib.aurora_top
Compiling module xil_defaultlib.glbl
Built simulation snapshot aurora_top_time_synth
