
*** Running vivado
    with args -log cmd_oserdes.vds -m64 -product Vivado -mode batch -messageDb vivado.pb -notrace -source cmd_oserdes.tcl


****** Vivado v2017.4 (64-bit)
  **** SW Build 2086221 on Fri Dec 15 20:54:30 MST 2017
  **** IP Build 2085800 on Fri Dec 15 22:25:07 MST 2017
    ** Copyright 1986-2017 Xilinx, Inc. All Rights Reserved.

source cmd_oserdes.tcl -notrace
Command: synth_design -top cmd_oserdes -part xc7vx485tffg1761-2 -mode out_of_context
Starting synth_design
Attempting to get a license for feature 'Synthesis' and/or device 'xc7vx485t'
INFO: [Common 17-349] Got license for feature 'Synthesis' and/or device 'xc7vx485t'
INFO: Launching helper process for spawning children vivado processes
INFO: Helper process launched with PID 10968 
---------------------------------------------------------------------------------
Starting RTL Elaboration : Time (s): cpu = 00:00:07 ; elapsed = 00:00:07 . Memory (MB): peak = 1396.695 ; gain = 85.996 ; free physical = 2621 ; free virtual = 16560
---------------------------------------------------------------------------------
INFO: [Synth 8-638] synthesizing module 'cmd_oserdes' [/home/pixdaq/kdunne/aurora_fmc_one_lane/aurora.srcs/sources_1/ip/cmd_oserdes/cmd_oserdes.v:58]
	Parameter SYS_W bound to: 1 - type: integer 
	Parameter DEV_W bound to: 1 - type: integer 
INFO: [Synth 8-638] synthesizing module 'cmd_oserdes_selectio_wiz' [/home/pixdaq/kdunne/aurora_fmc_one_lane/aurora.srcs/sources_1/ip/cmd_oserdes/cmd_oserdes_selectio_wiz.v:56]
	Parameter SYS_W bound to: 1 - type: integer 
	Parameter DEV_W bound to: 1 - type: integer 
INFO: [Synth 8-638] synthesizing module 'IBUF' [/opt/Xilinx/Vivado/2017.4/scripts/rt/data/unisim_comp.v:19468]
	Parameter CAPACITANCE bound to: DONT_CARE - type: string 
	Parameter IBUF_DELAY_VALUE bound to: 0 - type: string 
	Parameter IBUF_LOW_PWR bound to: TRUE - type: string 
	Parameter IFD_DELAY_VALUE bound to: AUTO - type: string 
	Parameter IOSTANDARD bound to: LVCMOS18 - type: string 
INFO: [Synth 8-256] done synthesizing module 'IBUF' (1#1) [/opt/Xilinx/Vivado/2017.4/scripts/rt/data/unisim_comp.v:19468]
INFO: [Synth 8-638] synthesizing module 'FDRE' [/opt/Xilinx/Vivado/2017.4/scripts/rt/data/unisim_comp.v:3964]
	Parameter INIT bound to: 1'b0 
	Parameter IS_C_INVERTED bound to: 1'b0 
	Parameter IS_D_INVERTED bound to: 1'b0 
	Parameter IS_R_INVERTED bound to: 1'b0 
INFO: [Synth 8-256] done synthesizing module 'FDRE' (2#1) [/opt/Xilinx/Vivado/2017.4/scripts/rt/data/unisim_comp.v:3964]
INFO: [Synth 8-638] synthesizing module 'BUFR' [/opt/Xilinx/Vivado/2017.4/scripts/rt/data/unisim_comp.v:884]
	Parameter BUFR_DIVIDE bound to: BYPASS - type: string 
	Parameter SIM_DEVICE bound to: 7SERIES - type: string 
INFO: [Synth 8-256] done synthesizing module 'BUFR' (3#1) [/opt/Xilinx/Vivado/2017.4/scripts/rt/data/unisim_comp.v:884]
INFO: [Synth 8-256] done synthesizing module 'cmd_oserdes_selectio_wiz' (4#1) [/home/pixdaq/kdunne/aurora_fmc_one_lane/aurora.srcs/sources_1/ip/cmd_oserdes/cmd_oserdes_selectio_wiz.v:56]
INFO: [Synth 8-256] done synthesizing module 'cmd_oserdes' (5#1) [/home/pixdaq/kdunne/aurora_fmc_one_lane/aurora.srcs/sources_1/ip/cmd_oserdes/cmd_oserdes.v:58]
---------------------------------------------------------------------------------
Finished RTL Elaboration : Time (s): cpu = 00:00:07 ; elapsed = 00:00:09 . Memory (MB): peak = 1438.234 ; gain = 127.535 ; free physical = 2630 ; free virtual = 16570
---------------------------------------------------------------------------------

Report Check Netlist: 
+------+------------------+-------+---------+-------+------------------+
|      |Item              |Errors |Warnings |Status |Description       |
+------+------------------+-------+---------+-------+------------------+
|1     |multi_driven_nets |      0|        0|Passed |Multi driven nets |
+------+------------------+-------+---------+-------+------------------+
---------------------------------------------------------------------------------
Finished RTL Optimization Phase 1 : Time (s): cpu = 00:00:07 ; elapsed = 00:00:09 . Memory (MB): peak = 1438.234 ; gain = 127.535 ; free physical = 2628 ; free virtual = 16568
---------------------------------------------------------------------------------
INFO: [Netlist 29-17] Analyzing 3 Unisim elements for replacement
INFO: [Netlist 29-28] Unisim Transformation completed in 0 CPU seconds
INFO: [Device 21-403] Loading part xc7vx485tffg1761-2
INFO: [Project 1-570] Preparing netlist for logic optimization

Processing XDC Constraints
Initializing timing engine
Parsing XDC File [/home/pixdaq/kdunne/aurora_fmc_one_lane/aurora.srcs/sources_1/ip/cmd_oserdes/cmd_oserdes_ooc.xdc] for cell 'inst'
Finished Parsing XDC File [/home/pixdaq/kdunne/aurora_fmc_one_lane/aurora.srcs/sources_1/ip/cmd_oserdes/cmd_oserdes_ooc.xdc] for cell 'inst'
INFO: [Project 1-236] Implementation specific constraints were found while reading constraint file [/home/pixdaq/kdunne/aurora_fmc_one_lane/aurora.srcs/sources_1/ip/cmd_oserdes/cmd_oserdes_ooc.xdc]. These constraints will be ignored for synthesis but will be used in implementation. Impacted constraints are listed in the file [.Xil/cmd_oserdes_propImpl.xdc].
Resolution: To avoid this warning, move constraints listed in [.Xil/cmd_oserdes_propImpl.xdc] to another XDC file and exclude this new file from synthesis with the used_in_synthesis property (File Properties dialog in GUI) and re-run elaboration/synthesis.
Parsing XDC File [/home/pixdaq/kdunne/aurora_fmc_one_lane/aurora.srcs/sources_1/ip/cmd_oserdes/cmd_oserdes.xdc] for cell 'inst'
Finished Parsing XDC File [/home/pixdaq/kdunne/aurora_fmc_one_lane/aurora.srcs/sources_1/ip/cmd_oserdes/cmd_oserdes.xdc] for cell 'inst'
Parsing XDC File [/home/pixdaq/kdunne/aurora_fmc_one_lane/aurora_fmc_one_lane/aurora_fmc_one_lane.runs/cmd_oserdes_synth_1/dont_touch.xdc]
Finished Parsing XDC File [/home/pixdaq/kdunne/aurora_fmc_one_lane/aurora_fmc_one_lane/aurora_fmc_one_lane.runs/cmd_oserdes_synth_1/dont_touch.xdc]
Completed Processing XDC Constraints

INFO: [Project 1-111] Unisim Transformation Summary:
No Unisim elements were transformed.

Constraint Validation Runtime : Time (s): cpu = 00:00:00 ; elapsed = 00:00:00 . Memory (MB): peak = 1888.980 ; gain = 0.004 ; free physical = 2754 ; free virtual = 16695
---------------------------------------------------------------------------------
Finished Constraint Validation : Time (s): cpu = 00:00:39 ; elapsed = 00:02:12 . Memory (MB): peak = 1888.980 ; gain = 578.281 ; free physical = 2831 ; free virtual = 16783
---------------------------------------------------------------------------------
---------------------------------------------------------------------------------
Start Loading Part and Timing Information
---------------------------------------------------------------------------------
Loading part: xc7vx485tffg1761-2
---------------------------------------------------------------------------------
Finished Loading Part and Timing Information : Time (s): cpu = 00:00:39 ; elapsed = 00:02:12 . Memory (MB): peak = 1888.980 ; gain = 578.281 ; free physical = 2831 ; free virtual = 16783
---------------------------------------------------------------------------------
---------------------------------------------------------------------------------
Start Applying 'set_property' XDC Constraints
---------------------------------------------------------------------------------
Applied set_property DONT_TOUCH = true for inst. (constraint file  /home/pixdaq/kdunne/aurora_fmc_one_lane/aurora_fmc_one_lane/aurora_fmc_one_lane.runs/cmd_oserdes_synth_1/dont_touch.xdc, line 9).
---------------------------------------------------------------------------------
Finished applying 'set_property' XDC Constraints : Time (s): cpu = 00:00:39 ; elapsed = 00:02:12 . Memory (MB): peak = 1888.980 ; gain = 578.281 ; free physical = 2831 ; free virtual = 16783
---------------------------------------------------------------------------------
---------------------------------------------------------------------------------
Finished RTL Optimization Phase 2 : Time (s): cpu = 00:00:39 ; elapsed = 00:02:12 . Memory (MB): peak = 1888.980 ; gain = 578.281 ; free physical = 2832 ; free virtual = 16784
---------------------------------------------------------------------------------

Report RTL Partitions: 
+-+--------------+------------+----------+
| |RTL Partition |Replication |Instances |
+-+--------------+------------+----------+
+-+--------------+------------+----------+
---------------------------------------------------------------------------------
Start RTL Component Statistics 
---------------------------------------------------------------------------------
Detailed RTL Component Info : 
---------------------------------------------------------------------------------
Finished RTL Component Statistics 
---------------------------------------------------------------------------------
---------------------------------------------------------------------------------
Start RTL Hierarchical Component Statistics 
---------------------------------------------------------------------------------
Hierarchical RTL Component report 
---------------------------------------------------------------------------------
Finished RTL Hierarchical Component Statistics
---------------------------------------------------------------------------------
---------------------------------------------------------------------------------
Start Part Resource Summary
---------------------------------------------------------------------------------
Part Resources:
DSPs: 2800 (col length:140)
BRAMs: 2060 (col length: RAMB18 140 RAMB36 70)
---------------------------------------------------------------------------------
Finished Part Resource Summary
---------------------------------------------------------------------------------
---------------------------------------------------------------------------------
Start Cross Boundary and Area Optimization
---------------------------------------------------------------------------------
---------------------------------------------------------------------------------
Finished Cross Boundary and Area Optimization : Time (s): cpu = 00:00:39 ; elapsed = 00:02:12 . Memory (MB): peak = 1888.980 ; gain = 578.281 ; free physical = 2832 ; free virtual = 16784
---------------------------------------------------------------------------------

Report RTL Partitions: 
+-+--------------+------------+----------+
| |RTL Partition |Replication |Instances |
+-+--------------+------------+----------+
+-+--------------+------------+----------+
---------------------------------------------------------------------------------
Start Applying XDC Timing Constraints
---------------------------------------------------------------------------------
---------------------------------------------------------------------------------
Finished Applying XDC Timing Constraints : Time (s): cpu = 00:00:44 ; elapsed = 00:02:22 . Memory (MB): peak = 1888.980 ; gain = 578.281 ; free physical = 2718 ; free virtual = 16659
---------------------------------------------------------------------------------
---------------------------------------------------------------------------------
Start Timing Optimization
---------------------------------------------------------------------------------
---------------------------------------------------------------------------------
Finished Timing Optimization : Time (s): cpu = 00:00:44 ; elapsed = 00:02:22 . Memory (MB): peak = 1888.980 ; gain = 578.281 ; free physical = 2718 ; free virtual = 16659
---------------------------------------------------------------------------------

Report RTL Partitions: 
+-+--------------+------------+----------+
| |RTL Partition |Replication |Instances |
+-+--------------+------------+----------+
+-+--------------+------------+----------+
---------------------------------------------------------------------------------
Start Technology Mapping
---------------------------------------------------------------------------------
---------------------------------------------------------------------------------
Finished Technology Mapping : Time (s): cpu = 00:00:44 ; elapsed = 00:02:22 . Memory (MB): peak = 1888.980 ; gain = 578.281 ; free physical = 2717 ; free virtual = 16658
---------------------------------------------------------------------------------

Report RTL Partitions: 
+-+--------------+------------+----------+
| |RTL Partition |Replication |Instances |
+-+--------------+------------+----------+
+-+--------------+------------+----------+
---------------------------------------------------------------------------------
Start IO Insertion
---------------------------------------------------------------------------------
---------------------------------------------------------------------------------
Start Flattening Before IO Insertion
---------------------------------------------------------------------------------
---------------------------------------------------------------------------------
Finished Flattening Before IO Insertion
---------------------------------------------------------------------------------
---------------------------------------------------------------------------------
Start Final Netlist Cleanup
---------------------------------------------------------------------------------
---------------------------------------------------------------------------------
Finished Final Netlist Cleanup
---------------------------------------------------------------------------------
---------------------------------------------------------------------------------
Finished IO Insertion : Time (s): cpu = 00:00:45 ; elapsed = 00:02:22 . Memory (MB): peak = 1888.980 ; gain = 578.281 ; free physical = 2706 ; free virtual = 16655
---------------------------------------------------------------------------------

Report Check Netlist: 
+------+------------------+-------+---------+-------+------------------+
|      |Item              |Errors |Warnings |Status |Description       |
+------+------------------+-------+---------+-------+------------------+
|1     |multi_driven_nets |      0|        0|Passed |Multi driven nets |
+------+------------------+-------+---------+-------+------------------+
---------------------------------------------------------------------------------
Start Renaming Generated Instances
---------------------------------------------------------------------------------
---------------------------------------------------------------------------------
Finished Renaming Generated Instances : Time (s): cpu = 00:00:45 ; elapsed = 00:02:22 . Memory (MB): peak = 1888.980 ; gain = 578.281 ; free physical = 2705 ; free virtual = 16654
---------------------------------------------------------------------------------

Report RTL Partitions: 
+-+--------------+------------+----------+
| |RTL Partition |Replication |Instances |
+-+--------------+------------+----------+
+-+--------------+------------+----------+
---------------------------------------------------------------------------------
Start Rebuilding User Hierarchy
---------------------------------------------------------------------------------
---------------------------------------------------------------------------------
Finished Rebuilding User Hierarchy : Time (s): cpu = 00:00:45 ; elapsed = 00:02:22 . Memory (MB): peak = 1888.980 ; gain = 578.281 ; free physical = 2705 ; free virtual = 16654
---------------------------------------------------------------------------------
---------------------------------------------------------------------------------
Start Renaming Generated Ports
---------------------------------------------------------------------------------
---------------------------------------------------------------------------------
Finished Renaming Generated Ports : Time (s): cpu = 00:00:45 ; elapsed = 00:02:22 . Memory (MB): peak = 1888.980 ; gain = 578.281 ; free physical = 2705 ; free virtual = 16654
---------------------------------------------------------------------------------
---------------------------------------------------------------------------------
Start Handling Custom Attributes
---------------------------------------------------------------------------------
---------------------------------------------------------------------------------
Finished Handling Custom Attributes : Time (s): cpu = 00:00:45 ; elapsed = 00:02:22 . Memory (MB): peak = 1888.980 ; gain = 578.281 ; free physical = 2705 ; free virtual = 16654
---------------------------------------------------------------------------------
---------------------------------------------------------------------------------
Start Renaming Generated Nets
---------------------------------------------------------------------------------
---------------------------------------------------------------------------------
Finished Renaming Generated Nets : Time (s): cpu = 00:00:45 ; elapsed = 00:02:22 . Memory (MB): peak = 1888.980 ; gain = 578.281 ; free physical = 2705 ; free virtual = 16654
---------------------------------------------------------------------------------
---------------------------------------------------------------------------------
Start Writing Synthesis Report
---------------------------------------------------------------------------------

Report BlackBoxes: 
+-+--------------+----------+
| |BlackBox name |Instances |
+-+--------------+----------+
+-+--------------+----------+

Report Cell Usage: 
+------+-----+------+
|      |Cell |Count |
+------+-----+------+
|1     |BUFR |     1|
|2     |FDRE |     1|
|3     |IBUF |     2|
+------+-----+------+

Report Instance Areas: 
+------+---------+-------------------------+------+
|      |Instance |Module                   |Cells |
+------+---------+-------------------------+------+
|1     |top      |                         |     4|
|2     |  inst   |cmd_oserdes_selectio_wiz |     4|
+------+---------+-------------------------+------+
---------------------------------------------------------------------------------
Finished Writing Synthesis Report : Time (s): cpu = 00:00:45 ; elapsed = 00:02:22 . Memory (MB): peak = 1888.980 ; gain = 578.281 ; free physical = 2705 ; free virtual = 16654
---------------------------------------------------------------------------------
Synthesis finished with 0 errors, 0 critical warnings and 0 warnings.
Synthesis Optimization Runtime : Time (s): cpu = 00:00:20 ; elapsed = 00:00:27 . Memory (MB): peak = 1888.980 ; gain = 127.535 ; free physical = 2759 ; free virtual = 16708
Synthesis Optimization Complete : Time (s): cpu = 00:00:45 ; elapsed = 00:02:22 . Memory (MB): peak = 1888.980 ; gain = 578.281 ; free physical = 2761 ; free virtual = 16710
INFO: [Project 1-571] Translating synthesized netlist
INFO: [Netlist 29-17] Analyzing 3 Unisim elements for replacement
INFO: [Netlist 29-28] Unisim Transformation completed in 0 CPU seconds
INFO: [Project 1-570] Preparing netlist for logic optimization
INFO: [Opt 31-138] Pushed 0 inverter(s) to 0 load pin(s).
INFO: [Project 1-111] Unisim Transformation Summary:
No Unisim elements were transformed.

INFO: [Common 17-83] Releasing license: Synthesis
24 Infos, 0 Warnings, 0 Critical Warnings and 0 Errors encountered.
synth_design completed successfully
synth_design: Time (s): cpu = 00:00:46 ; elapsed = 00:02:23 . Memory (MB): peak = 1888.980 ; gain = 617.234 ; free physical = 2734 ; free virtual = 16683
INFO: [Common 17-1381] The checkpoint '/home/pixdaq/kdunne/aurora_fmc_one_lane/aurora_fmc_one_lane/aurora_fmc_one_lane.runs/cmd_oserdes_synth_1/cmd_oserdes.dcp' has been generated.
