Copyright 1986-2017 Xilinx, Inc. All Rights Reserved.
---------------------------------------------------------------------------------------------------------------------------------------------
| Tool Version : Vivado v.2017.4 (lin64) Build 2086221 Fri Dec 15 20:54:30 MST 2017
| Date         : Wed Jul 11 16:22:46 2018
| Host         : dhcp-130-148.ucsc.edu running 64-bit Scientific Linux CERN SLC release 6.10 (Carbon)
| Command      : report_drc -file aurora_8_pair_top_drc_routed.rpt -pb aurora_8_pair_top_drc_routed.pb -rpx aurora_8_pair_top_drc_routed.rpx
| Design       : aurora_8_pair_top
| Device       : xc7vx485tffg1761-2
| Speed File   : -2
| Design State : Routed
---------------------------------------------------------------------------------------------------------------------------------------------

Report DRC

Table of Contents
-----------------
1. REPORT SUMMARY
2. REPORT DETAILS

1. REPORT SUMMARY
-----------------
            Netlist: netlist
          Floorplan: design_1
      Design limits: <entire design considered>
           Ruledeck: default
             Max violations: <unlimited>
             Violations found: 3
+-------------+----------+-----------------------------------------------------+------------+
| Rule        | Severity | Description                                         | Violations |
+-------------+----------+-----------------------------------------------------+------------+
| CFGBVS-1    | Warning  | Missing CFGBVS and CONFIG_VOLTAGE Design Properties | 1          |
| PLBUFGOPT-1 | Warning  | Non-Optimal connections to BUFG                     | 1          |
| RTSTAT-10   | Warning  | No routable loads                                   | 1          |
+-------------+----------+-----------------------------------------------------+------------+

2. REPORT DETAILS
-----------------
CFGBVS-1#1 Warning
Missing CFGBVS and CONFIG_VOLTAGE Design Properties  
Neither the CFGBVS nor CONFIG_VOLTAGE voltage property is set in the current_design.  Configuration bank voltage select (CFGBVS) must be set to VCCO or GND, and CONFIG_VOLTAGE must be set to the correct configuration voltage, in order to determine the I/O voltage support for the pins in bank 0.  It is suggested to specify these either using the 'Edit Device Properties' function in the GUI or directly in the XDC file using the following syntax:

 set_property CFGBVS value1 [current_design]
 #where value1 is either VCCO or GND

 set_property CONFIG_VOLTAGE value2 [current_design]
 #where value2 is the voltage provided to configuration bank 0

Refer to the device configuration user guide for more information.
Related violations: <none>

PLBUFGOPT-1#1 Warning
Non-Optimal connections to BUFG  
A non-muxed BUFG ref_clock_bufg is driven by another global buffer pll_mid/inst/clkout4_buf. Remove non-muxed BUFG if it is not desired
Related violations: <none>

RTSTAT-10#1 Warning
No routable loads  
1034 net(s) have no routable loads. The problem bus(es) and/or net(s) are aurora_core[5].aurora_fmc_one_lane/lcd_debug/LCD_DB4_LS, aurora_core[2].aurora_fmc_one_lane/lcd_debug/LCD_DB4_LS, aurora_core[5].aurora_fmc_one_lane/lcd_debug/LCD_DB5_LS, aurora_core[2].aurora_fmc_one_lane/lcd_debug/LCD_DB5_LS, aurora_core[5].aurora_fmc_one_lane/lcd_debug/LCD_DB6_LS, aurora_core[2].aurora_fmc_one_lane/lcd_debug/LCD_DB6_LS, aurora_core[5].aurora_fmc_one_lane/lcd_debug/LCD_DB7_LS, aurora_core[2].aurora_fmc_one_lane/lcd_debug/LCD_DB7_LS, dbg_hub/inst/BSCANID.u_xsdbm_id/CORE_XSDB.UUT_MASTER/U_XSDB_ADDRESS_CONTROLLER/addr_reg[3]_i_1_n_1, dbg_hub/inst/BSCANID.u_xsdbm_id/CORE_XSDB.UUT_MASTER/U_XSDB_ADDRESS_CONTROLLER/addr_reg[3]_i_1_n_2, dbg_hub/inst/BSCANID.u_xsdbm_id/CORE_XSDB.UUT_MASTER/U_XSDB_ADDRESS_CONTROLLER/addr_reg[3]_i_1_n_3, dbg_hub/inst/BSCANID.u_xsdbm_id/CORE_XSDB.UUT_MASTER/U_XSDB_ADDRESS_CONTROLLER/addr_reg[7]_i_1_n_1, dbg_hub/inst/BSCANID.u_xsdbm_id/CORE_XSDB.UUT_MASTER/U_XSDB_ADDRESS_CONTROLLER/addr_reg[7]_i_1_n_2, dbg_hub/inst/BSCANID.u_xsdbm_id/CORE_XSDB.UUT_MASTER/U_XSDB_ADDRESS_CONTROLLER/addr_reg[7]_i_1_n_3, dbg_hub/inst/BSCANID.u_xsdbm_id/CORE_XSDB.UUT_MASTER/U_XSDB_ADDRESS_CONTROLLER/addr_reg[11]_i_1_n_1 (the first 15 of 1026 listed).
Related violations: <none>


