
*** Running vivado
    with args -log cmd_iserdes.vds -m64 -product Vivado -mode batch -messageDb vivado.pb -notrace -source cmd_iserdes.tcl


****** Vivado v2017.4 (64-bit)
  **** SW Build 2086221 on Fri Dec 15 20:54:30 MST 2017
  **** IP Build 2085800 on Fri Dec 15 22:25:07 MST 2017
    ** Copyright 1986-2017 Xilinx, Inc. All Rights Reserved.

source cmd_iserdes.tcl -notrace
Command: synth_design -top cmd_iserdes -part xc7vx485tffg1761-2 -mode out_of_context
Starting synth_design
Attempting to get a license for feature 'Synthesis' and/or device 'xc7vx485t'
INFO: [Common 17-349] Got license for feature 'Synthesis' and/or device 'xc7vx485t'
INFO: Launching helper process for spawning children vivado processes
INFO: Helper process launched with PID 24142 
---------------------------------------------------------------------------------
Starting RTL Elaboration : Time (s): cpu = 00:00:06 ; elapsed = 00:00:07 . Memory (MB): peak = 1398.707 ; gain = 84.996 ; free physical = 1395 ; free virtual = 16382
---------------------------------------------------------------------------------
INFO: [Synth 8-638] synthesizing module 'cmd_iserdes' [/home/pixdaq/kdunne/aurora_fmc_one_lane/aurora.srcs/sources_1/ip/cmd_iserdes/cmd_iserdes.v:58]
	Parameter SYS_W bound to: 1 - type: integer 
	Parameter DEV_W bound to: 8 - type: integer 
INFO: [Synth 8-638] synthesizing module 'cmd_iserdes_selectio_wiz' [/home/pixdaq/kdunne/aurora_fmc_one_lane/aurora.srcs/sources_1/ip/cmd_iserdes/cmd_iserdes_selectio_wiz.v:56]
	Parameter SYS_W bound to: 1 - type: integer 
	Parameter DEV_W bound to: 8 - type: integer 
	Parameter num_serial_bits bound to: 8 - type: integer 
INFO: [Synth 8-638] synthesizing module 'IBUFDS' [/opt/Xilinx/Vivado/2017.4/scripts/rt/data/unisim_comp.v:19483]
	Parameter CAPACITANCE bound to: DONT_CARE - type: string 
	Parameter DIFF_TERM bound to: FALSE - type: string 
	Parameter DQS_BIAS bound to: FALSE - type: string 
	Parameter IBUF_DELAY_VALUE bound to: 0 - type: string 
	Parameter IBUF_LOW_PWR bound to: TRUE - type: string 
	Parameter IFD_DELAY_VALUE bound to: AUTO - type: string 
	Parameter IOSTANDARD bound to: LVDS - type: string 
INFO: [Synth 8-256] done synthesizing module 'IBUFDS' (1#1) [/opt/Xilinx/Vivado/2017.4/scripts/rt/data/unisim_comp.v:19483]
INFO: [Synth 8-638] synthesizing module 'ISERDESE2' [/opt/Xilinx/Vivado/2017.4/scripts/rt/data/unisim_comp.v:25007]
	Parameter DATA_RATE bound to: SDR - type: string 
	Parameter DATA_WIDTH bound to: 8 - type: integer 
	Parameter DYN_CLKDIV_INV_EN bound to: FALSE - type: string 
	Parameter DYN_CLK_INV_EN bound to: FALSE - type: string 
	Parameter INIT_Q1 bound to: 1'b0 
	Parameter INIT_Q2 bound to: 1'b0 
	Parameter INIT_Q3 bound to: 1'b0 
	Parameter INIT_Q4 bound to: 1'b0 
	Parameter INTERFACE_TYPE bound to: NETWORKING - type: string 
	Parameter IOBDELAY bound to: NONE - type: string 
	Parameter IS_CLKB_INVERTED bound to: 1'b0 
	Parameter IS_CLKDIVP_INVERTED bound to: 1'b0 
	Parameter IS_CLKDIV_INVERTED bound to: 1'b0 
	Parameter IS_CLK_INVERTED bound to: 1'b0 
	Parameter IS_D_INVERTED bound to: 1'b0 
	Parameter IS_OCLKB_INVERTED bound to: 1'b0 
	Parameter IS_OCLK_INVERTED bound to: 1'b0 
	Parameter NUM_CE bound to: 2 - type: integer 
	Parameter OFB_USED bound to: FALSE - type: string 
	Parameter SERDES_MODE bound to: MASTER - type: string 
	Parameter SRVAL_Q1 bound to: 1'b0 
	Parameter SRVAL_Q2 bound to: 1'b0 
	Parameter SRVAL_Q3 bound to: 1'b0 
	Parameter SRVAL_Q4 bound to: 1'b0 
INFO: [Synth 8-256] done synthesizing module 'ISERDESE2' (2#1) [/opt/Xilinx/Vivado/2017.4/scripts/rt/data/unisim_comp.v:25007]
INFO: [Synth 8-256] done synthesizing module 'cmd_iserdes_selectio_wiz' (3#1) [/home/pixdaq/kdunne/aurora_fmc_one_lane/aurora.srcs/sources_1/ip/cmd_iserdes/cmd_iserdes_selectio_wiz.v:56]
INFO: [Synth 8-256] done synthesizing module 'cmd_iserdes' (4#1) [/home/pixdaq/kdunne/aurora_fmc_one_lane/aurora.srcs/sources_1/ip/cmd_iserdes/cmd_iserdes.v:58]
---------------------------------------------------------------------------------
Finished RTL Elaboration : Time (s): cpu = 00:00:07 ; elapsed = 00:00:08 . Memory (MB): peak = 1441.246 ; gain = 127.535 ; free physical = 1390 ; free virtual = 16390
---------------------------------------------------------------------------------

Report Check Netlist: 
+------+------------------+-------+---------+-------+------------------+
|      |Item              |Errors |Warnings |Status |Description       |
+------+------------------+-------+---------+-------+------------------+
|1     |multi_driven_nets |      0|        0|Passed |Multi driven nets |
+------+------------------+-------+---------+-------+------------------+
---------------------------------------------------------------------------------
Finished RTL Optimization Phase 1 : Time (s): cpu = 00:00:07 ; elapsed = 00:00:08 . Memory (MB): peak = 1441.246 ; gain = 127.535 ; free physical = 1387 ; free virtual = 16388
---------------------------------------------------------------------------------
INFO: [Netlist 29-17] Analyzing 2 Unisim elements for replacement
INFO: [Netlist 29-28] Unisim Transformation completed in 0 CPU seconds
INFO: [Device 21-403] Loading part xc7vx485tffg1761-2
INFO: [Project 1-570] Preparing netlist for logic optimization

Processing XDC Constraints
Initializing timing engine
Parsing XDC File [/home/pixdaq/kdunne/aurora_fmc_one_lane/aurora.srcs/sources_1/ip/cmd_iserdes/cmd_iserdes_ooc.xdc] for cell 'inst'
Finished Parsing XDC File [/home/pixdaq/kdunne/aurora_fmc_one_lane/aurora.srcs/sources_1/ip/cmd_iserdes/cmd_iserdes_ooc.xdc] for cell 'inst'
INFO: [Project 1-236] Implementation specific constraints were found while reading constraint file [/home/pixdaq/kdunne/aurora_fmc_one_lane/aurora.srcs/sources_1/ip/cmd_iserdes/cmd_iserdes_ooc.xdc]. These constraints will be ignored for synthesis but will be used in implementation. Impacted constraints are listed in the file [.Xil/cmd_iserdes_propImpl.xdc].
Resolution: To avoid this warning, move constraints listed in [.Xil/cmd_iserdes_propImpl.xdc] to another XDC file and exclude this new file from synthesis with the used_in_synthesis property (File Properties dialog in GUI) and re-run elaboration/synthesis.
Parsing XDC File [/home/pixdaq/kdunne/aurora_fmc_one_lane/aurora.srcs/sources_1/ip/cmd_iserdes/cmd_iserdes.xdc] for cell 'inst'
Finished Parsing XDC File [/home/pixdaq/kdunne/aurora_fmc_one_lane/aurora.srcs/sources_1/ip/cmd_iserdes/cmd_iserdes.xdc] for cell 'inst'
Parsing XDC File [/home/pixdaq/kdunne/aurora_fmc_one_lane/aurora_fmc_one_lane/aurora_fmc_one_lane.runs/cmd_iserdes_synth_1/dont_touch.xdc]
Finished Parsing XDC File [/home/pixdaq/kdunne/aurora_fmc_one_lane/aurora_fmc_one_lane/aurora_fmc_one_lane.runs/cmd_iserdes_synth_1/dont_touch.xdc]
Completed Processing XDC Constraints

INFO: [Project 1-111] Unisim Transformation Summary:
No Unisim elements were transformed.

Constraint Validation Runtime : Time (s): cpu = 00:00:00 ; elapsed = 00:00:00.03 . Memory (MB): peak = 1878.453 ; gain = 0.004 ; free physical = 1399 ; free virtual = 16146
---------------------------------------------------------------------------------
Finished Constraint Validation : Time (s): cpu = 00:00:39 ; elapsed = 00:02:12 . Memory (MB): peak = 1878.453 ; gain = 564.742 ; free physical = 1451 ; free virtual = 16223
---------------------------------------------------------------------------------
---------------------------------------------------------------------------------
Start Loading Part and Timing Information
---------------------------------------------------------------------------------
Loading part: xc7vx485tffg1761-2
---------------------------------------------------------------------------------
Finished Loading Part and Timing Information : Time (s): cpu = 00:00:39 ; elapsed = 00:02:12 . Memory (MB): peak = 1878.453 ; gain = 564.742 ; free physical = 1451 ; free virtual = 16223
---------------------------------------------------------------------------------
---------------------------------------------------------------------------------
Start Applying 'set_property' XDC Constraints
---------------------------------------------------------------------------------
Applied set_property DONT_TOUCH = true for inst. (constraint file  /home/pixdaq/kdunne/aurora_fmc_one_lane/aurora_fmc_one_lane/aurora_fmc_one_lane.runs/cmd_iserdes_synth_1/dont_touch.xdc, line 9).
---------------------------------------------------------------------------------
Finished applying 'set_property' XDC Constraints : Time (s): cpu = 00:00:39 ; elapsed = 00:02:12 . Memory (MB): peak = 1878.453 ; gain = 564.742 ; free physical = 1450 ; free virtual = 16223
---------------------------------------------------------------------------------
---------------------------------------------------------------------------------
Finished RTL Optimization Phase 2 : Time (s): cpu = 00:00:39 ; elapsed = 00:02:12 . Memory (MB): peak = 1878.453 ; gain = 564.742 ; free physical = 1442 ; free virtual = 16215
---------------------------------------------------------------------------------

Report RTL Partitions: 
+-+--------------+------------+----------+
| |RTL Partition |Replication |Instances |
+-+--------------+------------+----------+
+-+--------------+------------+----------+
---------------------------------------------------------------------------------
Start RTL Component Statistics 
---------------------------------------------------------------------------------
Detailed RTL Component Info : 
---------------------------------------------------------------------------------
Finished RTL Component Statistics 
---------------------------------------------------------------------------------
---------------------------------------------------------------------------------
Start RTL Hierarchical Component Statistics 
---------------------------------------------------------------------------------
Hierarchical RTL Component report 
---------------------------------------------------------------------------------
Finished RTL Hierarchical Component Statistics
---------------------------------------------------------------------------------
---------------------------------------------------------------------------------
Start Part Resource Summary
---------------------------------------------------------------------------------
Part Resources:
DSPs: 2800 (col length:140)
BRAMs: 2060 (col length: RAMB18 140 RAMB36 70)
---------------------------------------------------------------------------------
Finished Part Resource Summary
---------------------------------------------------------------------------------
---------------------------------------------------------------------------------
Start Cross Boundary and Area Optimization
---------------------------------------------------------------------------------
---------------------------------------------------------------------------------
Finished Cross Boundary and Area Optimization : Time (s): cpu = 00:00:40 ; elapsed = 00:02:12 . Memory (MB): peak = 1878.453 ; gain = 564.742 ; free physical = 1433 ; free virtual = 16209
---------------------------------------------------------------------------------

Report RTL Partitions: 
+-+--------------+------------+----------+
| |RTL Partition |Replication |Instances |
+-+--------------+------------+----------+
+-+--------------+------------+----------+
---------------------------------------------------------------------------------
Start Applying XDC Timing Constraints
---------------------------------------------------------------------------------
---------------------------------------------------------------------------------
Finished Applying XDC Timing Constraints : Time (s): cpu = 00:00:45 ; elapsed = 00:02:22 . Memory (MB): peak = 1878.453 ; gain = 564.742 ; free physical = 1212 ; free virtual = 16034
---------------------------------------------------------------------------------
---------------------------------------------------------------------------------
Start Timing Optimization
---------------------------------------------------------------------------------
---------------------------------------------------------------------------------
Finished Timing Optimization : Time (s): cpu = 00:00:45 ; elapsed = 00:02:22 . Memory (MB): peak = 1878.453 ; gain = 564.742 ; free physical = 1212 ; free virtual = 16034
---------------------------------------------------------------------------------

Report RTL Partitions: 
+-+--------------+------------+----------+
| |RTL Partition |Replication |Instances |
+-+--------------+------------+----------+
+-+--------------+------------+----------+
---------------------------------------------------------------------------------
Start Technology Mapping
---------------------------------------------------------------------------------
---------------------------------------------------------------------------------
Finished Technology Mapping : Time (s): cpu = 00:00:45 ; elapsed = 00:02:22 . Memory (MB): peak = 1883.453 ; gain = 569.742 ; free physical = 1211 ; free virtual = 16033
---------------------------------------------------------------------------------

Report RTL Partitions: 
+-+--------------+------------+----------+
| |RTL Partition |Replication |Instances |
+-+--------------+------------+----------+
+-+--------------+------------+----------+
---------------------------------------------------------------------------------
Start IO Insertion
---------------------------------------------------------------------------------
---------------------------------------------------------------------------------
Start Flattening Before IO Insertion
---------------------------------------------------------------------------------
---------------------------------------------------------------------------------
Finished Flattening Before IO Insertion
---------------------------------------------------------------------------------
---------------------------------------------------------------------------------
Start Final Netlist Cleanup
---------------------------------------------------------------------------------
---------------------------------------------------------------------------------
Finished Final Netlist Cleanup
---------------------------------------------------------------------------------
---------------------------------------------------------------------------------
Finished IO Insertion : Time (s): cpu = 00:00:45 ; elapsed = 00:02:23 . Memory (MB): peak = 1883.457 ; gain = 569.746 ; free physical = 1204 ; free virtual = 16030
---------------------------------------------------------------------------------

Report Check Netlist: 
+------+------------------+-------+---------+-------+------------------+
|      |Item              |Errors |Warnings |Status |Description       |
+------+------------------+-------+---------+-------+------------------+
|1     |multi_driven_nets |      0|        0|Passed |Multi driven nets |
+------+------------------+-------+---------+-------+------------------+
---------------------------------------------------------------------------------
Start Renaming Generated Instances
---------------------------------------------------------------------------------
---------------------------------------------------------------------------------
Finished Renaming Generated Instances : Time (s): cpu = 00:00:45 ; elapsed = 00:02:23 . Memory (MB): peak = 1883.457 ; gain = 569.746 ; free physical = 1204 ; free virtual = 16030
---------------------------------------------------------------------------------

Report RTL Partitions: 
+-+--------------+------------+----------+
| |RTL Partition |Replication |Instances |
+-+--------------+------------+----------+
+-+--------------+------------+----------+
---------------------------------------------------------------------------------
Start Rebuilding User Hierarchy
---------------------------------------------------------------------------------
---------------------------------------------------------------------------------
Finished Rebuilding User Hierarchy : Time (s): cpu = 00:00:45 ; elapsed = 00:02:23 . Memory (MB): peak = 1883.457 ; gain = 569.746 ; free physical = 1203 ; free virtual = 16030
---------------------------------------------------------------------------------
---------------------------------------------------------------------------------
Start Renaming Generated Ports
---------------------------------------------------------------------------------
---------------------------------------------------------------------------------
Finished Renaming Generated Ports : Time (s): cpu = 00:00:45 ; elapsed = 00:02:23 . Memory (MB): peak = 1883.457 ; gain = 569.746 ; free physical = 1203 ; free virtual = 16030
---------------------------------------------------------------------------------
---------------------------------------------------------------------------------
Start Handling Custom Attributes
---------------------------------------------------------------------------------
---------------------------------------------------------------------------------
Finished Handling Custom Attributes : Time (s): cpu = 00:00:45 ; elapsed = 00:02:23 . Memory (MB): peak = 1883.457 ; gain = 569.746 ; free physical = 1203 ; free virtual = 16030
---------------------------------------------------------------------------------
---------------------------------------------------------------------------------
Start Renaming Generated Nets
---------------------------------------------------------------------------------
---------------------------------------------------------------------------------
Finished Renaming Generated Nets : Time (s): cpu = 00:00:45 ; elapsed = 00:02:23 . Memory (MB): peak = 1883.457 ; gain = 569.746 ; free physical = 1203 ; free virtual = 16030
---------------------------------------------------------------------------------
---------------------------------------------------------------------------------
Start Writing Synthesis Report
---------------------------------------------------------------------------------

Report BlackBoxes: 
+-+--------------+----------+
| |BlackBox name |Instances |
+-+--------------+----------+
+-+--------------+----------+

Report Cell Usage: 
+------+----------+------+
|      |Cell      |Count |
+------+----------+------+
|1     |ISERDESE2 |     1|
|2     |LUT1      |     1|
|3     |IBUFDS    |     1|
+------+----------+------+

Report Instance Areas: 
+------+---------+-------------------------+------+
|      |Instance |Module                   |Cells |
+------+---------+-------------------------+------+
|1     |top      |                         |     3|
|2     |  inst   |cmd_iserdes_selectio_wiz |     3|
+------+---------+-------------------------+------+
---------------------------------------------------------------------------------
Finished Writing Synthesis Report : Time (s): cpu = 00:00:45 ; elapsed = 00:02:23 . Memory (MB): peak = 1883.457 ; gain = 569.746 ; free physical = 1203 ; free virtual = 16030
---------------------------------------------------------------------------------
Synthesis finished with 0 errors, 0 critical warnings and 0 warnings.
Synthesis Optimization Runtime : Time (s): cpu = 00:00:20 ; elapsed = 00:00:27 . Memory (MB): peak = 1883.457 ; gain = 132.539 ; free physical = 1258 ; free virtual = 16085
Synthesis Optimization Complete : Time (s): cpu = 00:00:46 ; elapsed = 00:02:23 . Memory (MB): peak = 1883.461 ; gain = 569.746 ; free physical = 1260 ; free virtual = 16087
INFO: [Project 1-571] Translating synthesized netlist
INFO: [Netlist 29-17] Analyzing 2 Unisim elements for replacement
INFO: [Netlist 29-28] Unisim Transformation completed in 0 CPU seconds
INFO: [Project 1-570] Preparing netlist for logic optimization
INFO: [Opt 31-138] Pushed 1 inverter(s) to 1 load pin(s).
INFO: [Project 1-111] Unisim Transformation Summary:
No Unisim elements were transformed.

INFO: [Common 17-83] Releasing license: Synthesis
22 Infos, 0 Warnings, 0 Critical Warnings and 0 Errors encountered.
synth_design completed successfully
synth_design: Time (s): cpu = 00:00:47 ; elapsed = 00:02:24 . Memory (MB): peak = 1898.453 ; gain = 623.695 ; free physical = 1224 ; free virtual = 16062
INFO: [Common 17-1381] The checkpoint '/home/pixdaq/kdunne/aurora_fmc_one_lane/aurora_fmc_one_lane/aurora_fmc_one_lane.runs/cmd_iserdes_synth_1/cmd_iserdes.dcp' has been generated.
