Vivado Simulator 2017.4
Copyright 1986-1999, 2001-2016 Xilinx, Inc. All Rights Reserved.
Running: /opt/Xilinx/Vivado/2017.4/bin/unwrapped/lnx64.o/xelab -wto f2c5c7ccd81747e48a98fd8dfe784899 --incr --debug typical --relax --mt 8 -L xil_defaultlib -L unisims_ver -L secureip --snapshot aurora_top_func_impl xil_defaultlib.aurora_top xil_defaultlib.glbl -log elaborate.log 
Using 8 slave threads.
Starting static elaboration
Completed static elaboration
Starting simulation data flow analysis
Completed simulation data flow analysis
Time Resolution for simulation is 1ps
Compiling module unisims_ver.LUT6
Compiling module unisims_ver.LUT4
Compiling module unisims_ver.FDSE_default
Compiling module unisims_ver.FDRE_default
Compiling module unisims_ver.LUT5
Compiling module unisims_ver.x_lut3_mux8
Compiling module unisims_ver.LUT3
Compiling module unisims_ver.x_lut2_mux4
Compiling module unisims_ver.LUT2
Compiling module unisims_ver.x_lut1_mux2
Compiling module unisims_ver.LUT1
Compiling module unisims_ver.CARRY4
Compiling module xil_defaultlib.block_sync
Compiling module xil_defaultlib.ber_scrambler
Compiling module xil_defaultlib.ber
Compiling module xil_defaultlib.bitslip_fsm
Compiling module xil_defaultlib.dbg_hub_CVxsdbm_v3_0_0_ctl_reg
Compiling module xil_defaultlib.dbg_hub_CVxsdbm_v3_0_0_stat_reg
Compiling module xil_defaultlib.dbg_hub_CVxsdbm_v3_0_0_stat_reg_...
Compiling module xil_defaultlib.dbg_hub_CVxsdbm_v3_0_0_ctl_reg__...
Compiling module xil_defaultlib.dbg_hub_CVxsdbm_v3_0_0_ctl_reg__...
Compiling module unisims_ver.FDCE_default
Compiling module xil_defaultlib.dbg_hub_CVsynchronizer_ff__param...
Compiling module xil_defaultlib.dbg_hub_CVsynchronizer_ff__param...
Compiling module xil_defaultlib.dbg_hub_CVsynchronizer_ff__param...
Compiling module xil_defaultlib.dbg_hub_CVsynchronizer_ff__param...
Compiling module xil_defaultlib.dbg_hub_CVclk_x_pntrs_8
Compiling module unisims_ver.FDPE_default
Compiling module xil_defaultlib.dbg_hub_CVrd_fwft
Compiling module xil_defaultlib.dbg_hub_CVrd_status_flags_as_17
Compiling module xil_defaultlib.dbg_hub_CVrd_bin_cntr_18
Compiling module xil_defaultlib.dbg_hub_CVrd_logic__parameterize...
Compiling module xil_defaultlib.dbg_hub_CVwr_status_flags_as_15
Compiling module xil_defaultlib.dbg_hub_CVwr_bin_cntr_16
Compiling module xil_defaultlib.dbg_hub_CVwr_logic__parameterize...
Compiling module unisims_ver.RAM32M
Compiling module xil_defaultlib.dbg_hub_CVdmem_14
Compiling module xil_defaultlib.dbg_hub_CVmemory__parameterized0
Compiling module xil_defaultlib.dbg_hub_CVsynchronizer_ff_10
Compiling module xil_defaultlib.dbg_hub_CVsynchronizer_ff_11
Compiling module xil_defaultlib.dbg_hub_CVsynchronizer_ff_12
Compiling module xil_defaultlib.dbg_hub_CVsynchronizer_ff_13
Compiling module unisims_ver.FDPE(INIT=1'b0)
Compiling module xil_defaultlib.dbg_hub_CVreset_blk_ramfifo_9
Compiling module xil_defaultlib.dbg_hub_CVfifo_generator_ramfifo...
Compiling module xil_defaultlib.dbg_hub_CVfifo_generator_top__pa...
Compiling module xil_defaultlib.dbg_hub_CVfifo_generator_v13_1_4...
Compiling module xil_defaultlib.dbg_hub_CVfifo_generator_v13_1_4...
Compiling module xil_defaultlib.dbg_hub_CVxsdbm_v3_0_0_rdfifo
Compiling module xil_defaultlib.dbg_hub_CVxsdbm_v3_0_0_rdreg
Compiling module xil_defaultlib.dbg_hub_CVsynchronizer_ff__param...
Compiling module xil_defaultlib.dbg_hub_CVsynchronizer_ff__param...
Compiling module xil_defaultlib.dbg_hub_CVsynchronizer_ff__param...
Compiling module xil_defaultlib.dbg_hub_CVsynchronizer_ff__param...
Compiling module xil_defaultlib.dbg_hub_CVclk_x_pntrs
Compiling module xil_defaultlib.dbg_hub_CVrd_status_flags_as
Compiling module xil_defaultlib.dbg_hub_CVrd_bin_cntr
Compiling module xil_defaultlib.dbg_hub_CVrd_logic
Compiling module xil_defaultlib.dbg_hub_CVwr_status_flags_as
Compiling module xil_defaultlib.dbg_hub_CVwr_bin_cntr
Compiling module xil_defaultlib.dbg_hub_CVwr_logic
Compiling module xil_defaultlib.dbg_hub_CVdmem
Compiling module xil_defaultlib.dbg_hub_CVmemory
Compiling module xil_defaultlib.dbg_hub_CVsynchronizer_ff
Compiling module xil_defaultlib.dbg_hub_CVsynchronizer_ff_2
Compiling module xil_defaultlib.dbg_hub_CVsynchronizer_ff_3
Compiling module xil_defaultlib.dbg_hub_CVsynchronizer_ff_4
Compiling module xil_defaultlib.dbg_hub_CVreset_blk_ramfifo
Compiling module xil_defaultlib.dbg_hub_CVfifo_generator_ramfifo
Compiling module xil_defaultlib.dbg_hub_CVfifo_generator_top
Compiling module xil_defaultlib.dbg_hub_CVfifo_generator_v13_1_4...
Compiling module xil_defaultlib.dbg_hub_CVfifo_generator_v13_1_4
Compiling module xil_defaultlib.dbg_hub_CVxsdbm_v3_0_0_wrfifo
Compiling module xil_defaultlib.dbg_hub_CVxsdbm_v3_0_0_wrreg
Compiling module xil_defaultlib.dbg_hub_CVxsdbm_v3_0_0_ctl_reg_1
Compiling module xil_defaultlib.dbg_hub_CVxsdbm_v3_0_0_stat_reg_...
Compiling module xil_defaultlib.dbg_hub_CVxsdbm_v3_0_0_if_static...
Compiling module xil_defaultlib.dbg_hub_CVxsdbm_v3_0_0_if
Compiling module xil_defaultlib.dbg_hub_CVxsdbm_v3_0_0_addr_ctl
Compiling module xil_defaultlib.dbg_hub_CVxsdbm_v3_0_0_burst_wdl...
Compiling module xil_defaultlib.dbg_hub_CVxsdbm_v3_0_0_bus_ctl_f...
Compiling module xil_defaultlib.dbg_hub_CVxsdbm_v3_0_0_bus_ctl_f...
Compiling module xil_defaultlib.dbg_hub_CVxsdbm_v3_0_0_bus_ctl_c...
Compiling module xil_defaultlib.dbg_hub_CVxsdbm_v3_0_0_bus_ctl
Compiling module xil_defaultlib.dbg_hub_CVltlib_v1_0_0_generic_m...
Compiling module xil_defaultlib.dbg_hub_CVxsdbm_v3_0_0_bus_mstr2...
Compiling module xil_defaultlib.dbg_hub_CVxsdbm_v3_0_0_icon2xsdb
Compiling module xil_defaultlib.dbg_hub_CVxsdbm_v3_0_0_cmd_decod...
Compiling module xil_defaultlib.dbg_hub_CVxsdbm_v3_0_0_stat
Compiling module xil_defaultlib.dbg_hub_CVxsdbm_v3_0_0_sync
Compiling module xil_defaultlib.dbg_hub_CVxsdbm_v3_0_0_icon
Compiling module unisims_ver.GND
Compiling module unisims_ver.BSCANE2
Compiling module xil_defaultlib.dbg_hub_CVltlib_v1_0_0_bscan
Compiling module xil_defaultlib.dbg_hub_CVxsdbm_v3_0_0_bscan_swi...
Compiling module unisims_ver.BUFG
Compiling module xil_defaultlib.dbg_hub_CVxsdbm_v3_0_0_xsdbm_id
Compiling module xil_defaultlib.dbg_hub_CVxsdbm_v3_0_0_xsdbm
Compiling module xil_defaultlib.dbg_hub_CV
Compiling module unisims_ver.IDELAYCTRL_default
Compiling module unisims_ver.RB36_INTERNAL_VLOG(DOA_REG=1,DOB...
Compiling module unisims_ver.RAMB36E1(DOA_REG=1,DOB_REG=1,REA...
Compiling module xil_defaultlib.ila_1_blk_mem_gen_prim_wrapper
Compiling module xil_defaultlib.ila_1_blk_mem_gen_prim_width
Compiling module xil_defaultlib.ila_1_blk_mem_gen_prim_wrapper__...
Compiling module xil_defaultlib.ila_1_blk_mem_gen_prim_width__pa...
Compiling module xil_defaultlib.ila_1_blk_mem_gen_prim_wrapper__...
Compiling module xil_defaultlib.ila_1_blk_mem_gen_prim_width__pa...
Compiling module xil_defaultlib.ila_1_blk_mem_gen_prim_wrapper__...
Compiling module xil_defaultlib.ila_1_blk_mem_gen_prim_width__pa...
Compiling module xil_defaultlib.ila_1_blk_mem_gen_prim_wrapper__...
Compiling module xil_defaultlib.ila_1_blk_mem_gen_prim_width__pa...
Compiling module xil_defaultlib.ila_1_blk_mem_gen_generic_cstr
Compiling module xil_defaultlib.ila_1_blk_mem_gen_top
Compiling module xil_defaultlib.ila_1_blk_mem_gen_v8_3_6_synth
Compiling module xil_defaultlib.ila_1_blk_mem_gen_v8_3_6
Compiling module xil_defaultlib.ila_1_ila_v6_2_5_ila_trace_memor...
Compiling module unisims_ver.SRL16E_default
Compiling module unisims_ver.SRLC32E_default
Compiling module xil_defaultlib.ila_1_ltlib_v1_0_0_cfglut6__para...
Compiling module xil_defaultlib.ila_1_ltlib_v1_0_0_cfglut7
Compiling module xil_defaultlib.ila_1_ltlib_v1_0_0_cfglut7_63
Compiling module xil_defaultlib.ila_1_ltlib_v1_0_0_cfglut6
Compiling module unisims_ver.SRLC16E_default
Compiling module xil_defaultlib.ila_1_ltlib_v1_0_0_cfglut4_70
Compiling module xil_defaultlib.ila_1_ltlib_v1_0_0_cfglut5_71
Compiling module xil_defaultlib.ila_1_ltlib_v1_0_0_cfglut6_72
Compiling module unisims_ver.CFGLUT5_default
Compiling module xil_defaultlib.ila_1_ltlib_v1_0_0_all_typeA_sli...
Compiling module xil_defaultlib.ila_1_ltlib_v1_0_0_all_typeA_sli...
Compiling module xil_defaultlib.ila_1_ltlib_v1_0_0_all_typeA__pa...
Compiling module xil_defaultlib.ila_1_ltlib_v1_0_0_allx_typeA_no...
Compiling module xil_defaultlib.ila_1_ltlib_v1_0_0_match_nodelay...
Compiling module xil_defaultlib.ila_1_ila_v6_2_5_ila_cap_sample_...
Compiling module xil_defaultlib.ila_1_ltlib_v1_0_0_cfglut4
Compiling module xil_defaultlib.ila_1_ltlib_v1_0_0_cfglut5
Compiling module xil_defaultlib.ila_1_ltlib_v1_0_0_cfglut5_64
Compiling module xil_defaultlib.ila_1_ltlib_v1_0_0_all_typeA_sli...
Compiling module xil_defaultlib.ila_1_ltlib_v1_0_0_all_typeA_sli...
Compiling module xil_defaultlib.ila_1_ltlib_v1_0_0_all_typeA__pa...
Compiling module xil_defaultlib.ila_1_ltlib_v1_0_0_allx_typeA_no...
Compiling module xil_defaultlib.ila_1_ltlib_v1_0_0_match_nodelay
Compiling module xil_defaultlib.ila_1_ltlib_v1_0_0_all_typeA_sli...
Compiling module xil_defaultlib.ila_1_ltlib_v1_0_0_all_typeA_sli...
Compiling module xil_defaultlib.ila_1_ltlib_v1_0_0_all_typeA__pa...
Compiling module xil_defaultlib.ila_1_ltlib_v1_0_0_allx_typeA_no...
Compiling module xil_defaultlib.ila_1_ltlib_v1_0_0_match_nodelay...
Compiling module xil_defaultlib.ila_1_ila_v6_2_5_ila_cap_window_...
Compiling module xil_defaultlib.ila_1_ila_v6_2_5_ila_cap_addrgen
Compiling module xil_defaultlib.ila_1_ila_v6_2_5_ila_cap_ctrl_le...
Compiling module xil_defaultlib.ila_1_xsdbs_v1_0_2_reg_p2s
Compiling module xil_defaultlib.ila_1_xsdbs_v1_0_2_reg_p2s__para...
Compiling module xil_defaultlib.ila_1_xsdbs_v1_0_2_reg_p2s__para...
Compiling module xil_defaultlib.ila_1_xsdbs_v1_0_2_reg_p2s__para...
Compiling module xil_defaultlib.ila_1_xsdbs_v1_0_2_reg_p2s__para...
Compiling module xil_defaultlib.ila_1_xsdbs_v1_0_2_reg_p2s__para...
Compiling module xil_defaultlib.ila_1_xsdbs_v1_0_2_reg_p2s__para...
Compiling module xil_defaultlib.ila_1_xsdbs_v1_0_2_reg_p2s__para...
Compiling module xil_defaultlib.ila_1_xsdbs_v1_0_2_reg_p2s__para...
Compiling module xil_defaultlib.ila_1_xsdbs_v1_0_2_reg_p2s__para...
Compiling module unisims_ver.MUXF7
Compiling module unisims_ver.FDRE(INIT=1'b1)
Compiling module xil_defaultlib.ila_1_xsdbs_v1_0_2_xsdbs
Compiling module xil_defaultlib.ila_1_xsdbs_v1_0_2_reg_ctl_61
Compiling module xil_defaultlib.ila_1_xsdbs_v1_0_2_reg__paramete...
Compiling module xil_defaultlib.ila_1_xsdbs_v1_0_2_reg_ctl_60
Compiling module xil_defaultlib.ila_1_xsdbs_v1_0_2_reg__paramete...
Compiling module xil_defaultlib.ila_1_xsdbs_v1_0_2_reg_ctl_59
Compiling module xil_defaultlib.ila_1_xsdbs_v1_0_2_reg__paramete...
Compiling module xil_defaultlib.ila_1_xsdbs_v1_0_2_reg_ctl_58
Compiling module xil_defaultlib.ila_1_xsdbs_v1_0_2_reg__paramete...
Compiling module xil_defaultlib.ila_1_xsdbs_v1_0_2_reg_ctl_57
Compiling module xil_defaultlib.ila_1_xsdbs_v1_0_2_reg__paramete...
Compiling module xil_defaultlib.ila_1_xsdbs_v1_0_2_reg_ctl__para...
Compiling module xil_defaultlib.ila_1_xsdbs_v1_0_2_reg__paramete...
Compiling module xil_defaultlib.ila_1_xsdbs_v1_0_2_reg_ctl_55
Compiling module xil_defaultlib.ila_1_xsdbs_v1_0_2_reg__paramete...
Compiling module xil_defaultlib.ila_1_xsdbs_v1_0_2_reg_ctl__para...
Compiling module xil_defaultlib.ila_1_xsdbs_v1_0_2_reg__paramete...
Compiling module xil_defaultlib.ila_1_xsdbs_v1_0_2_reg_stat_54
Compiling module xil_defaultlib.ila_1_xsdbs_v1_0_2_reg__paramete...
Compiling module xil_defaultlib.ila_1_xsdbs_v1_0_2_reg_ctl__para...
Compiling module xil_defaultlib.ila_1_xsdbs_v1_0_2_reg__paramete...
Compiling module xil_defaultlib.ila_1_xsdbs_v1_0_2_reg_ctl_52
Compiling module xil_defaultlib.ila_1_xsdbs_v1_0_2_reg__paramete...
Compiling module xil_defaultlib.ila_1_xsdbs_v1_0_2_reg_ctl__para...
Compiling module xil_defaultlib.ila_1_xsdbs_v1_0_2_reg__paramete...
Compiling module xil_defaultlib.ila_1_xsdbs_v1_0_2_reg_ctl_51
Compiling module xil_defaultlib.ila_1_xsdbs_v1_0_2_reg__paramete...
Compiling module xil_defaultlib.ila_1_xsdbs_v1_0_2_reg_ctl_50
Compiling module xil_defaultlib.ila_1_xsdbs_v1_0_2_reg__paramete...
Compiling module xil_defaultlib.ila_1_xsdbs_v1_0_2_reg_ctl_49
Compiling module xil_defaultlib.ila_1_xsdbs_v1_0_2_reg__paramete...
Compiling module xil_defaultlib.ila_1_xsdbs_v1_0_2_reg_stat_48
Compiling module xil_defaultlib.ila_1_xsdbs_v1_0_2_reg__paramete...
Compiling module xil_defaultlib.ila_1_xsdbs_v1_0_2_reg_stat_47
Compiling module xil_defaultlib.ila_1_xsdbs_v1_0_2_reg__paramete...
Compiling module xil_defaultlib.ila_1_xsdbs_v1_0_2_reg_stat_62
Compiling module xil_defaultlib.ila_1_xsdbs_v1_0_2_reg__paramete...
Compiling module xil_defaultlib.ila_1_xsdbs_v1_0_2_reg_stat_46
Compiling module xil_defaultlib.ila_1_xsdbs_v1_0_2_reg__paramete...
Compiling module xil_defaultlib.ila_1_xsdbs_v1_0_2_reg_p2s__para...
Compiling module xil_defaultlib.ila_1_xsdbs_v1_0_2_reg_ctl
Compiling module xil_defaultlib.ila_1_xsdbs_v1_0_2_reg_stream
Compiling module xil_defaultlib.ila_1_xsdbs_v1_0_2_reg_stat
Compiling module xil_defaultlib.ila_1_xsdbs_v1_0_2_reg_stream__p...
Compiling module xil_defaultlib.ila_1_ila_v6_2_5_ila_register
Compiling module xil_defaultlib.ila_1_ltlib_v1_0_0_rising_edge_d...
Compiling module xil_defaultlib.ila_1_ltlib_v1_0_0_async_edge_xf...
Compiling module xil_defaultlib.ila_1_ltlib_v1_0_0_async_edge_xf...
Compiling module xil_defaultlib.ila_1_ltlib_v1_0_0_async_edge_xf...
Compiling module xil_defaultlib.ila_1_ltlib_v1_0_0_async_edge_xf...
Compiling module xil_defaultlib.ila_1_ltlib_v1_0_0_rising_edge_d...
Compiling module xil_defaultlib.ila_1_ila_v6_2_5_ila_reset_ctrl
Compiling module xil_defaultlib.ila_1_ltlib_v1_0_0_all_typeA_sli...
Compiling module xil_defaultlib.ila_1_ltlib_v1_0_0_all_typeA_sli...
Compiling module xil_defaultlib.ila_1_ltlib_v1_0_0_all_typeA
Compiling module xil_defaultlib.ila_1_ltlib_v1_0_0_allx_typeA
Compiling module xil_defaultlib.ila_1_ltlib_v1_0_0_match
Compiling module xil_defaultlib.ila_1_ltlib_v1_0_0_all_typeA_sli...
Compiling module xil_defaultlib.ila_1_ltlib_v1_0_0_all_typeA__pa...
Compiling module xil_defaultlib.ila_1_ltlib_v1_0_0_allx_typeA__p...
Compiling module xil_defaultlib.ila_1_ltlib_v1_0_0_match__parame...
Compiling module xil_defaultlib.ila_1_ltlib_v1_0_0_all_typeA_sli...
Compiling module xil_defaultlib.ila_1_ltlib_v1_0_0_all_typeA__pa...
Compiling module xil_defaultlib.ila_1_ltlib_v1_0_0_allx_typeA__p...
Compiling module xil_defaultlib.ila_1_ltlib_v1_0_0_match__parame...
Compiling module xil_defaultlib.ila_1_ltlib_v1_0_0_all_typeA_sli...
Compiling module xil_defaultlib.ila_1_ltlib_v1_0_0_all_typeA_sli...
Compiling module xil_defaultlib.ila_1_ltlib_v1_0_0_all_typeA_sli...
Compiling module xil_defaultlib.ila_1_ltlib_v1_0_0_all_typeA_sli...
Compiling module xil_defaultlib.ila_1_ltlib_v1_0_0_all_typeA_sli...
Compiling module xil_defaultlib.ila_1_ltlib_v1_0_0_all_typeA_sli...
Compiling module xil_defaultlib.ila_1_ltlib_v1_0_0_all_typeA_sli...
Compiling module xil_defaultlib.ila_1_ltlib_v1_0_0_all_typeA_sli...
Compiling module xil_defaultlib.ila_1_ltlib_v1_0_0_all_typeA__pa...
Compiling module xil_defaultlib.ila_1_ltlib_v1_0_0_allx_typeA__p...
Compiling module xil_defaultlib.ila_1_ltlib_v1_0_0_match__parame...
Compiling module xil_defaultlib.ila_1_ltlib_v1_0_0_all_typeA_sli...
Compiling module xil_defaultlib.ila_1_ltlib_v1_0_0_all_typeA_sli...
Compiling module xil_defaultlib.ila_1_ltlib_v1_0_0_all_typeA_sli...
Compiling module xil_defaultlib.ila_1_ltlib_v1_0_0_all_typeA_sli...
Compiling module xil_defaultlib.ila_1_ltlib_v1_0_0_all_typeA_sli...
Compiling module xil_defaultlib.ila_1_ltlib_v1_0_0_all_typeA_sli...
Compiling module xil_defaultlib.ila_1_ltlib_v1_0_0_all_typeA_sli...
Compiling module xil_defaultlib.ila_1_ltlib_v1_0_0_all_typeA_sli...
Compiling module xil_defaultlib.ila_1_ltlib_v1_0_0_all_typeA__pa...
Compiling module xil_defaultlib.ila_1_ltlib_v1_0_0_allx_typeA__p...
Compiling module xil_defaultlib.ila_1_ltlib_v1_0_0_match__parame...
Compiling module xil_defaultlib.ila_1_ltlib_v1_0_0_all_typeA_sli...
Compiling module xil_defaultlib.ila_1_ltlib_v1_0_0_all_typeA__pa...
Compiling module xil_defaultlib.ila_1_ltlib_v1_0_0_allx_typeA__p...
Compiling module xil_defaultlib.ila_1_ltlib_v1_0_0_match__parame...
Compiling module xil_defaultlib.ila_1_ltlib_v1_0_0_all_typeA_sli...
Compiling module xil_defaultlib.ila_1_ltlib_v1_0_0_all_typeA__pa...
Compiling module xil_defaultlib.ila_1_ltlib_v1_0_0_allx_typeA__p...
Compiling module xil_defaultlib.ila_1_ltlib_v1_0_0_match__parame...
Compiling module xil_defaultlib.ila_1_ltlib_v1_0_0_all_typeA_sli...
Compiling module xil_defaultlib.ila_1_ltlib_v1_0_0_all_typeA_sli...
Compiling module xil_defaultlib.ila_1_ltlib_v1_0_0_all_typeA_sli...
Compiling module xil_defaultlib.ila_1_ltlib_v1_0_0_all_typeA_sli...
Compiling module xil_defaultlib.ila_1_ltlib_v1_0_0_all_typeA__pa...
Compiling module xil_defaultlib.ila_1_ltlib_v1_0_0_allx_typeA__p...
Compiling module xil_defaultlib.ila_1_ltlib_v1_0_0_match__parame...
Compiling module xil_defaultlib.ila_1_ltlib_v1_0_0_all_typeA_sli...
Compiling module xil_defaultlib.ila_1_ltlib_v1_0_0_all_typeA__pa...
Compiling module xil_defaultlib.ila_1_ltlib_v1_0_0_allx_typeA__p...
Compiling module xil_defaultlib.ila_1_ltlib_v1_0_0_match__parame...
Compiling module xil_defaultlib.ila_1_ltlib_v1_0_0_all_typeA_sli...
Compiling module xil_defaultlib.ila_1_ltlib_v1_0_0_all_typeA__pa...
Compiling module xil_defaultlib.ila_1_ltlib_v1_0_0_allx_typeA__p...
Compiling module xil_defaultlib.ila_1_ltlib_v1_0_0_match__parame...
Compiling module xil_defaultlib.ila_1_ila_v6_2_5_ila_trig_match
Compiling module xil_defaultlib.ila_1_ila_v6_2_5_ila_trigger
Compiling module xil_defaultlib.ila_1_ltlib_v1_0_0_generic_memrd
Compiling module xil_defaultlib.ila_1_ila_v6_2_5_ila_core
Compiling module xil_defaultlib.ila_1_ila_v6_2_5_ila
Compiling module xil_defaultlib.ila_1
Compiling module unisims_ver.IBUFDS_DIFF_OUT
Compiling module unisims_ver.IDELAYE2(HIGH_PERFORMANCE_MODE="...
Compiling secureip modules ...
Compiling module unisims_ver.ISERDESE2(DATA_WIDTH=8,INTERFACE...
Compiling module xil_defaultlib.delay_controller_wrap
Compiling module xil_defaultlib.serdes_1_to_468_idelay_ddr
Compiling module unisims_ver.OBUFDS
Compiling secureip modules ...
Compiling module unisims_ver.OSERDESE2(DATA_RATE_OQ="SDR",DAT...
Compiling module xil_defaultlib.cmd_oserdes_cmd_oserdes_selectio...
Compiling module xil_defaultlib.cmd_oserdes
Compiling module unisims_ver.IBUFDS
Compiling module unisims_ver.MMCME2_ADV(BANDWIDTH="HIGH",CLKF...
Compiling module xil_defaultlib.clk_wiz_3_clk_wiz_3_clk_wiz
Compiling module xil_defaultlib.clk_wiz_3
Compiling module unisims_ver.PLLE2_ADV(CLKFBOUT_MULT=15,CLKIN...
Compiling module xil_defaultlib.clk_wiz_5_clk_wiz_5_clk_wiz
Compiling module xil_defaultlib.clk_wiz_5
Compiling module unisims_ver.IBUF
Compiling module xil_defaultlib.gearbox32to66
Compiling module xil_defaultlib.scrambler
Compiling module xil_defaultlib.gearbox66to32
Compiling module xil_defaultlib.descrambler
Compiling module xil_defaultlib.vio_0_vio_v3_0_17_decoder
Compiling module xil_defaultlib.vio_0_vio_v3_0_17_probe_out_one
Compiling module xil_defaultlib.vio_0_vio_v3_0_17_probe_out_one_...
Compiling module xil_defaultlib.vio_0_vio_v3_0_17_probe_out_one_...
Compiling module xil_defaultlib.vio_0_vio_v3_0_17_probe_out_one_...
Compiling module xil_defaultlib.vio_0_vio_v3_0_17_probe_out_all
Compiling module xil_defaultlib.vio_0_vio_v3_0_17_probe_width
Compiling module xil_defaultlib.vio_0_xsdbs_v1_0_2_xsdbs
Compiling module xil_defaultlib.vio_0_vio_v3_0_17_vio
Compiling module xil_defaultlib.vio_0
Compiling module xil_defaultlib.aurora_top
Compiling module xil_defaultlib.glbl
Built simulation snapshot aurora_top_func_impl
