INFO: [VRFC 10-2263] Analyzing Verilog file "/home/pixdaq/kdunne/aurora_fmc_one_lane/aurora_fmc_one_lane/aurora_fmc_one_lane.sim/sim_1/impl/func/xsim/aurora_top_func_impl.v" into library xil_defaultlib
INFO: [VRFC 10-311] analyzing module dbg_hub_CV
INFO: [VRFC 10-311] analyzing module dbg_hub_CVclk_x_pntrs
INFO: [VRFC 10-311] analyzing module dbg_hub_CVclk_x_pntrs_8
INFO: [VRFC 10-311] analyzing module dbg_hub_CVdmem
INFO: [VRFC 10-311] analyzing module dbg_hub_CVdmem_14
INFO: [VRFC 10-311] analyzing module dbg_hub_CVfifo_generator_ramfifo
INFO: [VRFC 10-311] analyzing module dbg_hub_CVfifo_generator_ramfifo__parameterized0
INFO: [VRFC 10-311] analyzing module dbg_hub_CVfifo_generator_top
INFO: [VRFC 10-311] analyzing module dbg_hub_CVfifo_generator_top__parameterized0
INFO: [VRFC 10-311] analyzing module dbg_hub_CVfifo_generator_v13_1_4
INFO: [VRFC 10-311] analyzing module dbg_hub_CVfifo_generator_v13_1_4__parameterized0
INFO: [VRFC 10-311] analyzing module dbg_hub_CVfifo_generator_v13_1_4_synth
INFO: [VRFC 10-311] analyzing module dbg_hub_CVfifo_generator_v13_1_4_synth__parameterized0
INFO: [VRFC 10-311] analyzing module dbg_hub_CVltlib_v1_0_0_bscan
INFO: [VRFC 10-311] analyzing module dbg_hub_CVltlib_v1_0_0_generic_mux
INFO: [VRFC 10-311] analyzing module dbg_hub_CVmemory
INFO: [VRFC 10-311] analyzing module dbg_hub_CVmemory__parameterized0
INFO: [VRFC 10-311] analyzing module dbg_hub_CVrd_bin_cntr
INFO: [VRFC 10-311] analyzing module dbg_hub_CVrd_bin_cntr_18
INFO: [VRFC 10-311] analyzing module dbg_hub_CVrd_fwft
INFO: [VRFC 10-311] analyzing module dbg_hub_CVrd_logic
INFO: [VRFC 10-311] analyzing module dbg_hub_CVrd_logic__parameterized0
INFO: [VRFC 10-311] analyzing module dbg_hub_CVrd_status_flags_as
INFO: [VRFC 10-311] analyzing module dbg_hub_CVrd_status_flags_as_17
INFO: [VRFC 10-311] analyzing module dbg_hub_CVreset_blk_ramfifo
INFO: [VRFC 10-311] analyzing module dbg_hub_CVreset_blk_ramfifo_9
INFO: [VRFC 10-311] analyzing module dbg_hub_CVsynchronizer_ff
INFO: [VRFC 10-311] analyzing module dbg_hub_CVsynchronizer_ff_10
INFO: [VRFC 10-311] analyzing module dbg_hub_CVsynchronizer_ff_11
INFO: [VRFC 10-311] analyzing module dbg_hub_CVsynchronizer_ff_12
INFO: [VRFC 10-311] analyzing module dbg_hub_CVsynchronizer_ff_13
INFO: [VRFC 10-311] analyzing module dbg_hub_CVsynchronizer_ff_2
INFO: [VRFC 10-311] analyzing module dbg_hub_CVsynchronizer_ff_3
INFO: [VRFC 10-311] analyzing module dbg_hub_CVsynchronizer_ff_4
INFO: [VRFC 10-311] analyzing module dbg_hub_CVsynchronizer_ff__parameterized0
INFO: [VRFC 10-311] analyzing module dbg_hub_CVsynchronizer_ff__parameterized0_19
INFO: [VRFC 10-311] analyzing module dbg_hub_CVsynchronizer_ff__parameterized0_20
INFO: [VRFC 10-311] analyzing module dbg_hub_CVsynchronizer_ff__parameterized0_21
INFO: [VRFC 10-311] analyzing module dbg_hub_CVsynchronizer_ff__parameterized0_22
INFO: [VRFC 10-311] analyzing module dbg_hub_CVsynchronizer_ff__parameterized0_5
INFO: [VRFC 10-311] analyzing module dbg_hub_CVsynchronizer_ff__parameterized0_6
INFO: [VRFC 10-311] analyzing module dbg_hub_CVsynchronizer_ff__parameterized0_7
INFO: [VRFC 10-311] analyzing module dbg_hub_CVwr_bin_cntr
INFO: [VRFC 10-311] analyzing module dbg_hub_CVwr_bin_cntr_16
INFO: [VRFC 10-311] analyzing module dbg_hub_CVwr_logic
INFO: [VRFC 10-311] analyzing module dbg_hub_CVwr_logic__parameterized0
INFO: [VRFC 10-311] analyzing module dbg_hub_CVwr_status_flags_as
INFO: [VRFC 10-311] analyzing module dbg_hub_CVwr_status_flags_as_15
INFO: [VRFC 10-311] analyzing module dbg_hub_CVxsdbm_v3_0_0_addr_ctl
INFO: [VRFC 10-311] analyzing module dbg_hub_CVxsdbm_v3_0_0_bscan_switch
INFO: [VRFC 10-311] analyzing module dbg_hub_CVxsdbm_v3_0_0_burst_wdlen_ctl
INFO: [VRFC 10-311] analyzing module dbg_hub_CVxsdbm_v3_0_0_bus_ctl
INFO: [VRFC 10-311] analyzing module dbg_hub_CVxsdbm_v3_0_0_bus_ctl_cnt
INFO: [VRFC 10-311] analyzing module dbg_hub_CVxsdbm_v3_0_0_bus_ctl_flg
INFO: [VRFC 10-311] analyzing module dbg_hub_CVxsdbm_v3_0_0_bus_ctl_flg__parameterized0
INFO: [VRFC 10-311] analyzing module dbg_hub_CVxsdbm_v3_0_0_bus_mstr2sl_if
INFO: [VRFC 10-311] analyzing module dbg_hub_CVxsdbm_v3_0_0_cmd_decode
INFO: [VRFC 10-311] analyzing module dbg_hub_CVxsdbm_v3_0_0_ctl_reg
INFO: [VRFC 10-311] analyzing module dbg_hub_CVxsdbm_v3_0_0_ctl_reg_1
INFO: [VRFC 10-311] analyzing module dbg_hub_CVxsdbm_v3_0_0_ctl_reg__parameterized0
INFO: [VRFC 10-311] analyzing module dbg_hub_CVxsdbm_v3_0_0_ctl_reg__parameterized1
INFO: [VRFC 10-311] analyzing module dbg_hub_CVxsdbm_v3_0_0_icon
INFO: [VRFC 10-311] analyzing module dbg_hub_CVxsdbm_v3_0_0_icon2xsdb
INFO: [VRFC 10-311] analyzing module dbg_hub_CVxsdbm_v3_0_0_if
INFO: [VRFC 10-311] analyzing module dbg_hub_CVxsdbm_v3_0_0_if_static_status
INFO: [VRFC 10-311] analyzing module dbg_hub_CVxsdbm_v3_0_0_rdfifo
INFO: [VRFC 10-311] analyzing module dbg_hub_CVxsdbm_v3_0_0_rdreg
INFO: [VRFC 10-311] analyzing module dbg_hub_CVxsdbm_v3_0_0_stat
INFO: [VRFC 10-311] analyzing module dbg_hub_CVxsdbm_v3_0_0_stat_reg
INFO: [VRFC 10-311] analyzing module dbg_hub_CVxsdbm_v3_0_0_stat_reg_0
INFO: [VRFC 10-311] analyzing module dbg_hub_CVxsdbm_v3_0_0_stat_reg__parameterized0
INFO: [VRFC 10-311] analyzing module dbg_hub_CVxsdbm_v3_0_0_sync
INFO: [VRFC 10-311] analyzing module dbg_hub_CVxsdbm_v3_0_0_wrfifo
INFO: [VRFC 10-311] analyzing module dbg_hub_CVxsdbm_v3_0_0_wrreg
INFO: [VRFC 10-311] analyzing module dbg_hub_CVxsdbm_v3_0_0_xsdbm
INFO: [VRFC 10-311] analyzing module dbg_hub_CVxsdbm_v3_0_0_xsdbm_id
INFO: [VRFC 10-311] analyzing module aurora_top
INFO: [VRFC 10-311] analyzing module ber
INFO: [VRFC 10-311] analyzing module ber_scrambler
INFO: [VRFC 10-311] analyzing module bitslip_fsm
INFO: [VRFC 10-311] analyzing module block_sync
INFO: [VRFC 10-311] analyzing module clk_wiz_3
INFO: [VRFC 10-311] analyzing module clk_wiz_3_clk_wiz_3_clk_wiz
INFO: [VRFC 10-311] analyzing module clk_wiz_5
INFO: [VRFC 10-311] analyzing module clk_wiz_5_clk_wiz_5_clk_wiz
INFO: [VRFC 10-311] analyzing module cmd_oserdes
INFO: [VRFC 10-311] analyzing module cmd_oserdes_cmd_oserdes_selectio_wiz
INFO: [VRFC 10-311] analyzing module delay_controller_wrap
INFO: [VRFC 10-311] analyzing module descrambler
INFO: [VRFC 10-311] analyzing module gearbox32to66
INFO: [VRFC 10-311] analyzing module gearbox66to32
INFO: [VRFC 10-311] analyzing module ila_1
INFO: [VRFC 10-311] analyzing module scrambler
INFO: [VRFC 10-311] analyzing module serdes_1_to_468_idelay_ddr
INFO: [VRFC 10-311] analyzing module vio_0
INFO: [VRFC 10-311] analyzing module ila_1_blk_mem_gen_generic_cstr
INFO: [VRFC 10-311] analyzing module ila_1_blk_mem_gen_prim_width
INFO: [VRFC 10-311] analyzing module ila_1_blk_mem_gen_prim_width__parameterized0
INFO: [VRFC 10-311] analyzing module ila_1_blk_mem_gen_prim_width__parameterized1
INFO: [VRFC 10-311] analyzing module ila_1_blk_mem_gen_prim_width__parameterized2
INFO: [VRFC 10-311] analyzing module ila_1_blk_mem_gen_prim_width__parameterized3
INFO: [VRFC 10-311] analyzing module ila_1_blk_mem_gen_prim_wrapper
INFO: [VRFC 10-311] analyzing module ila_1_blk_mem_gen_prim_wrapper__parameterized0
INFO: [VRFC 10-311] analyzing module ila_1_blk_mem_gen_prim_wrapper__parameterized1
INFO: [VRFC 10-311] analyzing module ila_1_blk_mem_gen_prim_wrapper__parameterized2
INFO: [VRFC 10-311] analyzing module ila_1_blk_mem_gen_prim_wrapper__parameterized3
INFO: [VRFC 10-311] analyzing module ila_1_blk_mem_gen_top
INFO: [VRFC 10-311] analyzing module ila_1_blk_mem_gen_v8_3_6
INFO: [VRFC 10-311] analyzing module ila_1_blk_mem_gen_v8_3_6_synth
INFO: [VRFC 10-311] analyzing module ila_1_ila_v6_2_5_ila
INFO: [VRFC 10-311] analyzing module ila_1_ila_v6_2_5_ila_cap_addrgen
INFO: [VRFC 10-311] analyzing module ila_1_ila_v6_2_5_ila_cap_ctrl_legacy
INFO: [VRFC 10-311] analyzing module ila_1_ila_v6_2_5_ila_cap_sample_counter
INFO: [VRFC 10-311] analyzing module ila_1_ila_v6_2_5_ila_cap_window_counter
INFO: [VRFC 10-311] analyzing module ila_1_ila_v6_2_5_ila_core
INFO: [VRFC 10-311] analyzing module ila_1_ila_v6_2_5_ila_register
INFO: [VRFC 10-311] analyzing module ila_1_ila_v6_2_5_ila_reset_ctrl
INFO: [VRFC 10-311] analyzing module ila_1_ila_v6_2_5_ila_trace_memory
INFO: [VRFC 10-311] analyzing module ila_1_ila_v6_2_5_ila_trig_match
INFO: [VRFC 10-311] analyzing module ila_1_ila_v6_2_5_ila_trigger
INFO: [VRFC 10-311] analyzing module ila_1_ltlib_v1_0_0_all_typeA
INFO: [VRFC 10-311] analyzing module ila_1_ltlib_v1_0_0_all_typeA__parameterized0
INFO: [VRFC 10-311] analyzing module ila_1_ltlib_v1_0_0_all_typeA__parameterized0_11
INFO: [VRFC 10-311] analyzing module ila_1_ltlib_v1_0_0_all_typeA__parameterized0_14
INFO: [VRFC 10-311] analyzing module ila_1_ltlib_v1_0_0_all_typeA__parameterized0_35
INFO: [VRFC 10-311] analyzing module ila_1_ltlib_v1_0_0_all_typeA__parameterized0_38
INFO: [VRFC 10-311] analyzing module ila_1_ltlib_v1_0_0_all_typeA__parameterized0_6
INFO: [VRFC 10-311] analyzing module ila_1_ltlib_v1_0_0_all_typeA__parameterized1
INFO: [VRFC 10-311] analyzing module ila_1_ltlib_v1_0_0_all_typeA__parameterized1_25
INFO: [VRFC 10-311] analyzing module ila_1_ltlib_v1_0_0_all_typeA__parameterized2
INFO: [VRFC 10-311] analyzing module ila_1_ltlib_v1_0_0_all_typeA__parameterized3
INFO: [VRFC 10-311] analyzing module ila_1_ltlib_v1_0_0_all_typeA__parameterized3_67
INFO: [VRFC 10-311] analyzing module ila_1_ltlib_v1_0_0_all_typeA__parameterized3_75
INFO: [VRFC 10-311] analyzing module ila_1_ltlib_v1_0_0_all_typeA_slice
INFO: [VRFC 10-311] analyzing module ila_1_ltlib_v1_0_0_all_typeA_slice_16
INFO: [VRFC 10-311] analyzing module ila_1_ltlib_v1_0_0_all_typeA_slice_17
INFO: [VRFC 10-311] analyzing module ila_1_ltlib_v1_0_0_all_typeA_slice_18
INFO: [VRFC 10-311] analyzing module ila_1_ltlib_v1_0_0_all_typeA_slice_19
INFO: [VRFC 10-311] analyzing module ila_1_ltlib_v1_0_0_all_typeA_slice_20
INFO: [VRFC 10-311] analyzing module ila_1_ltlib_v1_0_0_all_typeA_slice_21
INFO: [VRFC 10-311] analyzing module ila_1_ltlib_v1_0_0_all_typeA_slice_22
INFO: [VRFC 10-311] analyzing module ila_1_ltlib_v1_0_0_all_typeA_slice_26
INFO: [VRFC 10-311] analyzing module ila_1_ltlib_v1_0_0_all_typeA_slice_27
INFO: [VRFC 10-311] analyzing module ila_1_ltlib_v1_0_0_all_typeA_slice_28
INFO: [VRFC 10-311] analyzing module ila_1_ltlib_v1_0_0_all_typeA_slice_29
INFO: [VRFC 10-311] analyzing module ila_1_ltlib_v1_0_0_all_typeA_slice_30
INFO: [VRFC 10-311] analyzing module ila_1_ltlib_v1_0_0_all_typeA_slice_31
INFO: [VRFC 10-311] analyzing module ila_1_ltlib_v1_0_0_all_typeA_slice_32
INFO: [VRFC 10-311] analyzing module ila_1_ltlib_v1_0_0_all_typeA_slice_40
INFO: [VRFC 10-311] analyzing module ila_1_ltlib_v1_0_0_all_typeA_slice_8
INFO: [VRFC 10-311] analyzing module ila_1_ltlib_v1_0_0_all_typeA_slice_9
INFO: [VRFC 10-311] analyzing module ila_1_ltlib_v1_0_0_all_typeA_slice__parameterized0
INFO: [VRFC 10-311] analyzing module ila_1_ltlib_v1_0_0_all_typeA_slice__parameterized0_10
INFO: [VRFC 10-311] analyzing module ila_1_ltlib_v1_0_0_all_typeA_slice__parameterized0_12
INFO: [VRFC 10-311] analyzing module ila_1_ltlib_v1_0_0_all_typeA_slice__parameterized0_15
INFO: [VRFC 10-311] analyzing module ila_1_ltlib_v1_0_0_all_typeA_slice__parameterized0_23
INFO: [VRFC 10-311] analyzing module ila_1_ltlib_v1_0_0_all_typeA_slice__parameterized0_33
INFO: [VRFC 10-311] analyzing module ila_1_ltlib_v1_0_0_all_typeA_slice__parameterized0_36
INFO: [VRFC 10-311] analyzing module ila_1_ltlib_v1_0_0_all_typeA_slice__parameterized0_39
INFO: [VRFC 10-311] analyzing module ila_1_ltlib_v1_0_0_all_typeA_slice__parameterized0_41
INFO: [VRFC 10-311] analyzing module ila_1_ltlib_v1_0_0_all_typeA_slice__parameterized0_7
INFO: [VRFC 10-311] analyzing module ila_1_ltlib_v1_0_0_all_typeA_slice__parameterized1
INFO: [VRFC 10-311] analyzing module ila_1_ltlib_v1_0_0_all_typeA_slice__parameterized1_68
INFO: [VRFC 10-311] analyzing module ila_1_ltlib_v1_0_0_all_typeA_slice__parameterized1_76
INFO: [VRFC 10-311] analyzing module ila_1_ltlib_v1_0_0_all_typeA_slice__parameterized2
INFO: [VRFC 10-311] analyzing module ila_1_ltlib_v1_0_0_all_typeA_slice__parameterized2_69
INFO: [VRFC 10-311] analyzing module ila_1_ltlib_v1_0_0_all_typeA_slice__parameterized2_77
INFO: [VRFC 10-311] analyzing module ila_1_ltlib_v1_0_0_allx_typeA
INFO: [VRFC 10-311] analyzing module ila_1_ltlib_v1_0_0_allx_typeA__parameterized0
INFO: [VRFC 10-311] analyzing module ila_1_ltlib_v1_0_0_allx_typeA__parameterized0_13
INFO: [VRFC 10-311] analyzing module ila_1_ltlib_v1_0_0_allx_typeA__parameterized0_34
INFO: [VRFC 10-311] analyzing module ila_1_ltlib_v1_0_0_allx_typeA__parameterized0_37
INFO: [VRFC 10-311] analyzing module ila_1_ltlib_v1_0_0_allx_typeA__parameterized0_5
INFO: [VRFC 10-311] analyzing module ila_1_ltlib_v1_0_0_allx_typeA__parameterized1
INFO: [VRFC 10-311] analyzing module ila_1_ltlib_v1_0_0_allx_typeA__parameterized1_24
INFO: [VRFC 10-311] analyzing module ila_1_ltlib_v1_0_0_allx_typeA__parameterized2
INFO: [VRFC 10-311] analyzing module ila_1_ltlib_v1_0_0_allx_typeA__parameterized3
INFO: [VRFC 10-311] analyzing module ila_1_ltlib_v1_0_0_allx_typeA_nodelay
INFO: [VRFC 10-311] analyzing module ila_1_ltlib_v1_0_0_allx_typeA_nodelay_66
INFO: [VRFC 10-311] analyzing module ila_1_ltlib_v1_0_0_allx_typeA_nodelay_74
INFO: [VRFC 10-311] analyzing module ila_1_ltlib_v1_0_0_async_edge_xfer
INFO: [VRFC 10-311] analyzing module ila_1_ltlib_v1_0_0_async_edge_xfer_42
INFO: [VRFC 10-311] analyzing module ila_1_ltlib_v1_0_0_async_edge_xfer_43
INFO: [VRFC 10-311] analyzing module ila_1_ltlib_v1_0_0_async_edge_xfer_44
INFO: [VRFC 10-311] analyzing module ila_1_ltlib_v1_0_0_cfglut4
INFO: [VRFC 10-311] analyzing module ila_1_ltlib_v1_0_0_cfglut4_70
INFO: [VRFC 10-311] analyzing module ila_1_ltlib_v1_0_0_cfglut5
INFO: [VRFC 10-311] analyzing module ila_1_ltlib_v1_0_0_cfglut5_64
INFO: [VRFC 10-311] analyzing module ila_1_ltlib_v1_0_0_cfglut5_71
INFO: [VRFC 10-311] analyzing module ila_1_ltlib_v1_0_0_cfglut6
INFO: [VRFC 10-311] analyzing module ila_1_ltlib_v1_0_0_cfglut6_72
INFO: [VRFC 10-311] analyzing module ila_1_ltlib_v1_0_0_cfglut6__parameterized0
INFO: [VRFC 10-311] analyzing module ila_1_ltlib_v1_0_0_cfglut7
INFO: [VRFC 10-311] analyzing module ila_1_ltlib_v1_0_0_cfglut7_63
INFO: [VRFC 10-311] analyzing module ila_1_ltlib_v1_0_0_generic_memrd
INFO: [VRFC 10-311] analyzing module ila_1_ltlib_v1_0_0_match
INFO: [VRFC 10-311] analyzing module ila_1_ltlib_v1_0_0_match__parameterized0
INFO: [VRFC 10-311] analyzing module ila_1_ltlib_v1_0_0_match__parameterized0_0
INFO: [VRFC 10-311] analyzing module ila_1_ltlib_v1_0_0_match__parameterized0_2
INFO: [VRFC 10-311] analyzing module ila_1_ltlib_v1_0_0_match__parameterized0_3
INFO: [VRFC 10-311] analyzing module ila_1_ltlib_v1_0_0_match__parameterized0_4
INFO: [VRFC 10-311] analyzing module ila_1_ltlib_v1_0_0_match__parameterized1
INFO: [VRFC 10-311] analyzing module ila_1_ltlib_v1_0_0_match__parameterized1_1
INFO: [VRFC 10-311] analyzing module ila_1_ltlib_v1_0_0_match__parameterized2
INFO: [VRFC 10-311] analyzing module ila_1_ltlib_v1_0_0_match__parameterized3
INFO: [VRFC 10-311] analyzing module ila_1_ltlib_v1_0_0_match_nodelay
INFO: [VRFC 10-311] analyzing module ila_1_ltlib_v1_0_0_match_nodelay_65
INFO: [VRFC 10-311] analyzing module ila_1_ltlib_v1_0_0_match_nodelay_73
INFO: [VRFC 10-311] analyzing module ila_1_ltlib_v1_0_0_rising_edge_detection
INFO: [VRFC 10-311] analyzing module ila_1_ltlib_v1_0_0_rising_edge_detection_45
INFO: [VRFC 10-311] analyzing module ila_1_xsdbs_v1_0_2_reg__parameterized27
INFO: [VRFC 10-311] analyzing module ila_1_xsdbs_v1_0_2_reg__parameterized28
INFO: [VRFC 10-311] analyzing module ila_1_xsdbs_v1_0_2_reg__parameterized29
INFO: [VRFC 10-311] analyzing module ila_1_xsdbs_v1_0_2_reg__parameterized30
INFO: [VRFC 10-311] analyzing module ila_1_xsdbs_v1_0_2_reg__parameterized42
INFO: [VRFC 10-311] analyzing module ila_1_xsdbs_v1_0_2_reg__parameterized43
INFO: [VRFC 10-311] analyzing module ila_1_xsdbs_v1_0_2_reg__parameterized44
INFO: [VRFC 10-311] analyzing module ila_1_xsdbs_v1_0_2_reg__parameterized45
INFO: [VRFC 10-311] analyzing module ila_1_xsdbs_v1_0_2_reg__parameterized46
INFO: [VRFC 10-311] analyzing module ila_1_xsdbs_v1_0_2_reg__parameterized47
INFO: [VRFC 10-311] analyzing module ila_1_xsdbs_v1_0_2_reg__parameterized48
INFO: [VRFC 10-311] analyzing module ila_1_xsdbs_v1_0_2_reg__parameterized49
INFO: [VRFC 10-311] analyzing module ila_1_xsdbs_v1_0_2_reg__parameterized50
INFO: [VRFC 10-311] analyzing module ila_1_xsdbs_v1_0_2_reg__parameterized51
INFO: [VRFC 10-311] analyzing module ila_1_xsdbs_v1_0_2_reg__parameterized52
INFO: [VRFC 10-311] analyzing module ila_1_xsdbs_v1_0_2_reg__parameterized53
INFO: [VRFC 10-311] analyzing module ila_1_xsdbs_v1_0_2_reg__parameterized55
INFO: [VRFC 10-311] analyzing module ila_1_xsdbs_v1_0_2_reg__parameterized57
INFO: [VRFC 10-311] analyzing module ila_1_xsdbs_v1_0_2_reg__parameterized60
INFO: [VRFC 10-311] analyzing module ila_1_xsdbs_v1_0_2_reg_ctl
INFO: [VRFC 10-311] analyzing module ila_1_xsdbs_v1_0_2_reg_ctl_49
INFO: [VRFC 10-311] analyzing module ila_1_xsdbs_v1_0_2_reg_ctl_50
INFO: [VRFC 10-311] analyzing module ila_1_xsdbs_v1_0_2_reg_ctl_51
INFO: [VRFC 10-311] analyzing module ila_1_xsdbs_v1_0_2_reg_ctl_52
INFO: [VRFC 10-311] analyzing module ila_1_xsdbs_v1_0_2_reg_ctl_55
INFO: [VRFC 10-311] analyzing module ila_1_xsdbs_v1_0_2_reg_ctl_57
INFO: [VRFC 10-311] analyzing module ila_1_xsdbs_v1_0_2_reg_ctl_58
INFO: [VRFC 10-311] analyzing module ila_1_xsdbs_v1_0_2_reg_ctl_59
INFO: [VRFC 10-311] analyzing module ila_1_xsdbs_v1_0_2_reg_ctl_60
INFO: [VRFC 10-311] analyzing module ila_1_xsdbs_v1_0_2_reg_ctl_61
INFO: [VRFC 10-311] analyzing module ila_1_xsdbs_v1_0_2_reg_ctl__parameterized0
INFO: [VRFC 10-311] analyzing module ila_1_xsdbs_v1_0_2_reg_ctl__parameterized1
INFO: [VRFC 10-311] analyzing module ila_1_xsdbs_v1_0_2_reg_ctl__parameterized1_53
INFO: [VRFC 10-311] analyzing module ila_1_xsdbs_v1_0_2_reg_ctl__parameterized1_56
INFO: [VRFC 10-311] analyzing module ila_1_xsdbs_v1_0_2_reg_p2s
INFO: [VRFC 10-311] analyzing module ila_1_xsdbs_v1_0_2_reg_p2s__parameterized0
INFO: [VRFC 10-311] analyzing module ila_1_xsdbs_v1_0_2_reg_p2s__parameterized1
INFO: [VRFC 10-311] analyzing module ila_1_xsdbs_v1_0_2_reg_p2s__parameterized2
INFO: [VRFC 10-311] analyzing module ila_1_xsdbs_v1_0_2_reg_p2s__parameterized3
INFO: [VRFC 10-311] analyzing module ila_1_xsdbs_v1_0_2_reg_p2s__parameterized4
INFO: [VRFC 10-311] analyzing module ila_1_xsdbs_v1_0_2_reg_p2s__parameterized5
INFO: [VRFC 10-311] analyzing module ila_1_xsdbs_v1_0_2_reg_p2s__parameterized6
INFO: [VRFC 10-311] analyzing module ila_1_xsdbs_v1_0_2_reg_p2s__parameterized7
INFO: [VRFC 10-311] analyzing module ila_1_xsdbs_v1_0_2_reg_p2s__parameterized8
INFO: [VRFC 10-311] analyzing module ila_1_xsdbs_v1_0_2_reg_p2s__parameterized9
INFO: [VRFC 10-311] analyzing module ila_1_xsdbs_v1_0_2_reg_stat
INFO: [VRFC 10-311] analyzing module ila_1_xsdbs_v1_0_2_reg_stat_46
INFO: [VRFC 10-311] analyzing module ila_1_xsdbs_v1_0_2_reg_stat_47
INFO: [VRFC 10-311] analyzing module ila_1_xsdbs_v1_0_2_reg_stat_48
INFO: [VRFC 10-311] analyzing module ila_1_xsdbs_v1_0_2_reg_stat_54
INFO: [VRFC 10-311] analyzing module ila_1_xsdbs_v1_0_2_reg_stat_62
INFO: [VRFC 10-311] analyzing module ila_1_xsdbs_v1_0_2_reg_stream
INFO: [VRFC 10-311] analyzing module ila_1_xsdbs_v1_0_2_reg_stream__parameterized0
INFO: [VRFC 10-311] analyzing module ila_1_xsdbs_v1_0_2_xsdbs
INFO: [VRFC 10-311] analyzing module vio_0_vio_v3_0_17_decoder
INFO: [VRFC 10-311] analyzing module vio_0_vio_v3_0_17_probe_out_all
INFO: [VRFC 10-311] analyzing module vio_0_vio_v3_0_17_probe_out_one
INFO: [VRFC 10-311] analyzing module vio_0_vio_v3_0_17_probe_out_one_0
INFO: [VRFC 10-311] analyzing module vio_0_vio_v3_0_17_probe_out_one_1
INFO: [VRFC 10-311] analyzing module vio_0_vio_v3_0_17_probe_out_one__parameterized0
INFO: [VRFC 10-311] analyzing module vio_0_vio_v3_0_17_probe_width
INFO: [VRFC 10-311] analyzing module vio_0_vio_v3_0_17_vio
INFO: [VRFC 10-311] analyzing module vio_0_xsdbs_v1_0_2_xsdbs
INFO: [VRFC 10-311] analyzing module glbl
